{"C:\\Users\\Usuario\\Documents\\Academlo2\\BackEnd\\sequelizeapp\\server.js": {"path":"C:\\Users\\Usuario\\Documents\\Academlo2\\BackEnd\\sequelizeapp\\server.js","statementMap":{"0":{"start":{"line":1,"column":16},"end":{"line":1,"column":34}},"1":{"start":{"line":2,"column":12},"end":{"line":2,"column":21}},"2":{"start":{"line":3,"column":15},"end":{"line":3,"column":32}},"3":{"start":{"line":4,"column":13},"end":{"line":4,"column":28}},"4":{"start":{"line":5,"column":21},"end":{"line":5,"column":45}},"5":{"start":{"line":9,"column":19},"end":{"line":9,"column":43}},"6":{"start":{"line":10,"column":19},"end":{"line":10,"column":44}},"7":{"start":{"line":11,"column":17},"end":{"line":11,"column":42}},"8":{"start":{"line":12,"column":22},"end":{"line":12,"column":52}},"9":{"start":{"line":13,"column":16},"end":{"line":13,"column":40}},"10":{"start":{"line":14,"column":24},"end":{"line":14,"column":56}},"11":{"start":{"line":15,"column":20},"end":{"line":15,"column":48}},"12":{"start":{"line":16,"column":26},"end":{"line":16,"column":60}},"13":{"start":{"line":17,"column":19},"end":{"line":17,"column":46}},"14":{"start":{"line":18,"column":27},"end":{"line":18,"column":62}},"15":{"start":{"line":19,"column":21},"end":{"line":19,"column":51}},"16":{"start":{"line":20,"column":29},"end":{"line":20,"column":67}},"17":{"start":{"line":21,"column":27},"end":{"line":21,"column":63}},"18":{"start":{"line":22,"column":23},"end":{"line":22,"column":55}},"19":{"start":{"line":23,"column":20},"end":{"line":23,"column":48}},"20":{"start":{"line":27,"column":0},"end":{"line":27,"column":24}},"21":{"start":{"line":28,"column":0},"end":{"line":28,"column":23}},"22":{"start":{"line":29,"column":0},"end":{"line":29,"column":16}},"23":{"start":{"line":30,"column":0},"end":{"line":30,"column":24}},"24":{"start":{"line":34,"column":0},"end":{"line":34,"column":20}},"25":{"start":{"line":35,"column":0},"end":{"line":35,"column":20}},"26":{"start":{"line":36,"column":0},"end":{"line":36,"column":20}},"27":{"start":{"line":37,"column":0},"end":{"line":37,"column":25}},"28":{"start":{"line":38,"column":0},"end":{"line":38,"column":19}},"29":{"start":{"line":39,"column":0},"end":{"line":39,"column":27}},"30":{"start":{"line":40,"column":0},"end":{"line":40,"column":23}},"31":{"start":{"line":41,"column":0},"end":{"line":41,"column":29}},"32":{"start":{"line":42,"column":0},"end":{"line":42,"column":22}},"33":{"start":{"line":43,"column":0},"end":{"line":43,"column":30}},"34":{"start":{"line":44,"column":0},"end":{"line":44,"column":24}},"35":{"start":{"line":45,"column":0},"end":{"line":45,"column":32}},"36":{"start":{"line":46,"column":0},"end":{"line":46,"column":30}},"37":{"start":{"line":47,"column":0},"end":{"line":47,"column":26}},"38":{"start":{"line":48,"column":0},"end":{"line":48,"column":23}},"39":{"start":{"line":50,"column":0},"end":{"line":52,"column":3}},"40":{"start":{"line":51,"column":4},"end":{"line":51,"column":33}},"41":{"start":{"line":55,"column":0},"end":{"line":55,"column":21}}},"fnMap":{"0":{"name":"(anonymous_0)","decl":{"start":{"line":50,"column":13},"end":{"line":50,"column":14}},"loc":{"start":{"line":50,"column":36},"end":{"line":52,"column":1}},"line":50}},"branchMap":{},"s":{"0":3,"1":3,"2":3,"3":3,"4":3,"5":3,"6":3,"7":3,"8":3,"9":3,"10":3,"11":3,"12":3,"13":3,"14":3,"15":3,"16":3,"17":3,"18":3,"19":3,"20":3,"21":3,"22":3,"23":3,"24":3,"25":3,"26":3,"27":3,"28":3,"29":3,"30":3,"31":3,"32":3,"33":3,"34":3,"35":3,"36":3,"37":3,"38":3,"39":3,"40":0,"41":3},"f":{"0":0},"b":{},"_coverageSchema":"1a1c01bbd47fc00a2c39e90264f33305004495a9","hash":"9618a90f400ef2cdf105089f54282037317967a0"}
,"C:\\Users\\Usuario\\Documents\\Academlo2\\BackEnd\\sequelizeapp\\config\\config.js": {"path":"C:\\Users\\Usuario\\Documents\\Academlo2\\BackEnd\\sequelizeapp\\config\\config.js","statementMap":{"0":{"start":{"line":1,"column":0},"end":{"line":1,"column":27}},"1":{"start":{"line":2,"column":0},"end":{"line":24,"column":1}}},"fnMap":{},"branchMap":{},"s":{"0":3,"1":3},"f":{},"b":{},"_coverageSchema":"1a1c01bbd47fc00a2c39e90264f33305004495a9","hash":"6cb51b8f12a8c2c88adcd608831ded3bdaede599"}
,"C:\\Users\\Usuario\\Documents\\Academlo2\\BackEnd\\sequelizeapp\\controllers\\auth.js": {"path":"C:\\Users\\Usuario\\Documents\\Academlo2\\BackEnd\\sequelizeapp\\controllers\\auth.js","statementMap":{"0":{"start":{"line":1,"column":18},"end":{"line":1,"column":38}},"1":{"start":{"line":2,"column":11},"end":{"line":2,"column":23}},"2":{"start":{"line":3,"column":12},"end":{"line":3,"column":35}},"3":{"start":{"line":4,"column":15},"end":{"line":4,"column":34}},"4":{"start":{"line":5,"column":18},"end":{"line":5,"column":54}},"5":{"start":{"line":6,"column":22},"end":{"line":6,"column":42}},"6":{"start":{"line":8,"column":14},"end":{"line":48,"column":1}},"7":{"start":{"line":9,"column":32},"end":{"line":9,"column":44}},"8":{"start":{"line":10,"column":15},"end":{"line":18,"column":6}},"9":{"start":{"line":20,"column":4},"end":{"line":47,"column":5}},"10":{"start":{"line":22,"column":8},"end":{"line":40,"column":15}},"11":{"start":{"line":24,"column":16},"end":{"line":39,"column":17}},"12":{"start":{"line":25,"column":20},"end":{"line":27,"column":72}},"13":{"start":{"line":29,"column":34},"end":{"line":35,"column":67}},"14":{"start":{"line":36,"column":20},"end":{"line":38,"column":59}},"15":{"start":{"line":44,"column":8},"end":{"line":46,"column":60}},"16":{"start":{"line":50,"column":22},"end":{"line":68,"column":1}},"17":{"start":{"line":52,"column":16},"end":{"line":52,"column":30}},"18":{"start":{"line":53,"column":4},"end":{"line":67,"column":5}},"19":{"start":{"line":55,"column":22},"end":{"line":59,"column":10}},"20":{"start":{"line":61,"column":8},"end":{"line":61,"column":54}},"21":{"start":{"line":62,"column":8},"end":{"line":62,"column":50}},"22":{"start":{"line":64,"column":8},"end":{"line":66,"column":68}},"23":{"start":{"line":70,"column":15},"end":{"line":74,"column":1}},"24":{"start":{"line":71,"column":4},"end":{"line":73,"column":47}},"25":{"start":{"line":76,"column":22},"end":{"line":84,"column":1}},"26":{"start":{"line":77,"column":17},"end":{"line":77,"column":19}},"27":{"start":{"line":78,"column":21},"end":{"line":78,"column":85}},"28":{"start":{"line":79,"column":27},"end":{"line":79,"column":44}},"29":{"start":{"line":80,"column":4},"end":{"line":82,"column":5}},"30":{"start":{"line":80,"column":17},"end":{"line":80,"column":18}},"31":{"start":{"line":81,"column":8},"end":{"line":81,"column":82}},"32":{"start":{"line":83,"column":4},"end":{"line":83,"column":18}},"33":{"start":{"line":86,"column":23},"end":{"line":125,"column":1}},"34":{"start":{"line":87,"column":34},"end":{"line":87,"column":42}},"35":{"start":{"line":88,"column":17},"end":{"line":98,"column":6}},"36":{"start":{"line":100,"column":4},"end":{"line":124,"column":5}},"37":{"start":{"line":101,"column":34},"end":{"line":101,"column":63}},"38":{"start":{"line":102,"column":8},"end":{"line":118,"column":9}},"39":{"start":{"line":103,"column":32},"end":{"line":112,"column":14}},"40":{"start":{"line":113,"column":12},"end":{"line":113,"column":88}},"41":{"start":{"line":115,"column":12},"end":{"line":117,"column":64}},"42":{"start":{"line":121,"column":8},"end":{"line":123,"column":60}},"43":{"start":{"line":127,"column":0},"end":{"line":133,"column":1}}},"fnMap":{"0":{"name":"(anonymous_0)","decl":{"start":{"line":8,"column":14},"end":{"line":8,"column":15}},"loc":{"start":{"line":8,"column":43},"end":{"line":48,"column":1}},"line":8},"1":{"name":"(anonymous_1)","decl":{"start":{"line":23,"column":46},"end":{"line":23,"column":47}},"loc":{"start":{"line":23,"column":66},"end":{"line":40,"column":13}},"line":23},"2":{"name":"(anonymous_2)","decl":{"start":{"line":50,"column":22},"end":{"line":50,"column":23}},"loc":{"start":{"line":50,"column":41},"end":{"line":68,"column":1}},"line":50},"3":{"name":"(anonymous_3)","decl":{"start":{"line":70,"column":15},"end":{"line":70,"column":16}},"loc":{"start":{"line":70,"column":29},"end":{"line":74,"column":1}},"line":70},"4":{"name":"(anonymous_4)","decl":{"start":{"line":76,"column":22},"end":{"line":76,"column":23}},"loc":{"start":{"line":76,"column":34},"end":{"line":84,"column":1}},"line":76},"5":{"name":"(anonymous_5)","decl":{"start":{"line":86,"column":23},"end":{"line":86,"column":24}},"loc":{"start":{"line":86,"column":42},"end":{"line":125,"column":1}},"line":86}},"branchMap":{"0":{"loc":{"start":{"line":20,"column":4},"end":{"line":47,"column":5}},"type":"if","locations":[{"start":{"line":20,"column":4},"end":{"line":47,"column":5}},{"start":{"line":20,"column":4},"end":{"line":47,"column":5}}],"line":20},"1":{"loc":{"start":{"line":24,"column":16},"end":{"line":39,"column":17}},"type":"if","locations":[{"start":{"line":24,"column":16},"end":{"line":39,"column":17}},{"start":{"line":24,"column":16},"end":{"line":39,"column":17}}],"line":24},"2":{"loc":{"start":{"line":24,"column":20},"end":{"line":24,"column":40}},"type":"binary-expr","locations":[{"start":{"line":24,"column":20},"end":{"line":24,"column":23}},{"start":{"line":24,"column":27},"end":{"line":24,"column":40}}],"line":24},"3":{"loc":{"start":{"line":100,"column":4},"end":{"line":124,"column":5}},"type":"if","locations":[{"start":{"line":100,"column":4},"end":{"line":124,"column":5}},{"start":{"line":100,"column":4},"end":{"line":124,"column":5}}],"line":100}},"s":{"0":3,"1":3,"2":3,"3":3,"4":3,"5":3,"6":3,"7":3,"8":3,"9":3,"10":1,"11":1,"12":0,"13":1,"14":1,"15":2,"16":3,"17":1,"18":1,"19":1,"20":1,"21":0,"22":1,"23":3,"24":1,"25":3,"26":1,"27":1,"28":1,"29":1,"30":1,"31":10,"32":1,"33":3,"34":1,"35":1,"36":1,"37":0,"38":0,"39":0,"40":0,"41":0,"42":1,"43":3},"f":{"0":3,"1":1,"2":1,"3":1,"4":1,"5":1},"b":{"0":[1,2],"1":[0,1],"2":[1,1],"3":[0,1]},"_coverageSchema":"1a1c01bbd47fc00a2c39e90264f33305004495a9","hash":"adf731c44703d9c3b28bea2c8b0b5771dd78d5b6"}
,"C:\\Users\\Usuario\\Documents\\Academlo2\\BackEnd\\sequelizeapp\\controllers\\categories.js": {"path":"C:\\Users\\Usuario\\Documents\\Academlo2\\BackEnd\\sequelizeapp\\controllers\\categories.js","statementMap":{"0":{"start":{"line":2,"column":23},"end":{"line":2,"column":43}},"1":{"start":{"line":22,"column":23},"end":{"line":48,"column":1}},"2":{"start":{"line":24,"column":4},"end":{"line":46,"column":5}},"3":{"start":{"line":25,"column":22},"end":{"line":25,"column":47}},"4":{"start":{"line":26,"column":21},"end":{"line":26,"column":44}},"5":{"start":{"line":29,"column":27},"end":{"line":32,"column":10}},"6":{"start":{"line":34,"column":22},"end":{"line":34,"column":57}},"7":{"start":{"line":36,"column":23},"end":{"line":36,"column":54}},"8":{"start":{"line":37,"column":23},"end":{"line":37,"column":46}},"9":{"start":{"line":39,"column":8},"end":{"line":39,"column":80}},"10":{"start":{"line":42,"column":8},"end":{"line":42,"column":27}},"11":{"start":{"line":43,"column":8},"end":{"line":45,"column":66}},"12":{"start":{"line":50,"column":20},"end":{"line":68,"column":1}},"13":{"start":{"line":51,"column":18},"end":{"line":51,"column":35}},"14":{"start":{"line":52,"column":4},"end":{"line":65,"column":5}},"15":{"start":{"line":53,"column":27},"end":{"line":57,"column":10}},"16":{"start":{"line":58,"column":8},"end":{"line":58,"column":33}},"17":{"start":{"line":61,"column":8},"end":{"line":61,"column":27}},"18":{"start":{"line":62,"column":8},"end":{"line":64,"column":65}},"19":{"start":{"line":70,"column":20},"end":{"line":91,"column":1}},"20":{"start":{"line":75,"column":8},"end":{"line":75,"column":20}},"21":{"start":{"line":77,"column":4},"end":{"line":89,"column":5}},"22":{"start":{"line":79,"column":25},"end":{"line":82,"column":10}},"23":{"start":{"line":83,"column":8},"end":{"line":83,"column":89}},"24":{"start":{"line":87,"column":8},"end":{"line":87,"column":27}},"25":{"start":{"line":88,"column":8},"end":{"line":88,"column":79}},"26":{"start":{"line":93,"column":23},"end":{"line":118,"column":1}},"27":{"start":{"line":94,"column":16},"end":{"line":94,"column":33}},"28":{"start":{"line":99,"column":8},"end":{"line":99,"column":20}},"29":{"start":{"line":100,"column":4},"end":{"line":117,"column":5}},"30":{"start":{"line":101,"column":27},"end":{"line":110,"column":10}},"31":{"start":{"line":111,"column":25},"end":{"line":111,"column":52}},"32":{"start":{"line":112,"column":8},"end":{"line":112,"column":32}},"33":{"start":{"line":114,"column":8},"end":{"line":116,"column":68}},"34":{"start":{"line":120,"column":23},"end":{"line":138,"column":1}},"35":{"start":{"line":122,"column":16},"end":{"line":122,"column":33}},"36":{"start":{"line":124,"column":4},"end":{"line":136,"column":5}},"37":{"start":{"line":125,"column":23},"end":{"line":125,"column":73}},"38":{"start":{"line":126,"column":8},"end":{"line":129,"column":11}},"39":{"start":{"line":132,"column":8},"end":{"line":132,"column":27}},"40":{"start":{"line":133,"column":8},"end":{"line":135,"column":62}},"41":{"start":{"line":143,"column":0},"end":{"line":150,"column":1}}},"fnMap":{"0":{"name":"(anonymous_0)","decl":{"start":{"line":22,"column":23},"end":{"line":22,"column":24}},"loc":{"start":{"line":22,"column":52},"end":{"line":48,"column":1}},"line":22},"1":{"name":"(anonymous_1)","decl":{"start":{"line":50,"column":20},"end":{"line":50,"column":21}},"loc":{"start":{"line":50,"column":49},"end":{"line":68,"column":1}},"line":50},"2":{"name":"(anonymous_2)","decl":{"start":{"line":70,"column":20},"end":{"line":70,"column":21}},"loc":{"start":{"line":70,"column":49},"end":{"line":91,"column":1}},"line":70},"3":{"name":"(anonymous_3)","decl":{"start":{"line":93,"column":23},"end":{"line":93,"column":24}},"loc":{"start":{"line":93,"column":52},"end":{"line":118,"column":1}},"line":93},"4":{"name":"(anonymous_4)","decl":{"start":{"line":120,"column":23},"end":{"line":120,"column":24}},"loc":{"start":{"line":120,"column":52},"end":{"line":138,"column":1}},"line":120}},"branchMap":{"0":{"loc":{"start":{"line":25,"column":22},"end":{"line":25,"column":47}},"type":"binary-expr","locations":[{"start":{"line":25,"column":22},"end":{"line":25,"column":41}},{"start":{"line":25,"column":45},"end":{"line":25,"column":47}}],"line":25},"1":{"loc":{"start":{"line":26,"column":21},"end":{"line":26,"column":44}},"type":"binary-expr","locations":[{"start":{"line":26,"column":21},"end":{"line":26,"column":39}},{"start":{"line":26,"column":43},"end":{"line":26,"column":44}}],"line":26},"2":{"loc":{"start":{"line":36,"column":23},"end":{"line":36,"column":54}},"type":"cond-expr","locations":[{"start":{"line":36,"column":38},"end":{"line":36,"column":46}},{"start":{"line":36,"column":49},"end":{"line":36,"column":54}}],"line":36},"3":{"loc":{"start":{"line":37,"column":23},"end":{"line":37,"column":46}},"type":"cond-expr","locations":[{"start":{"line":37,"column":34},"end":{"line":37,"column":42}},{"start":{"line":37,"column":45},"end":{"line":37,"column":46}}],"line":37}},"s":{"0":3,"1":3,"2":1,"3":1,"4":1,"5":1,"6":1,"7":1,"8":1,"9":1,"10":0,"11":0,"12":3,"13":0,"14":0,"15":0,"16":0,"17":0,"18":0,"19":3,"20":1,"21":1,"22":1,"23":1,"24":0,"25":0,"26":3,"27":0,"28":0,"29":0,"30":0,"31":0,"32":0,"33":0,"34":3,"35":0,"36":0,"37":0,"38":0,"39":0,"40":0,"41":3},"f":{"0":1,"1":0,"2":1,"3":0,"4":0},"b":{"0":[1,1],"1":[1,1],"2":[1,0],"3":[0,1]},"_coverageSchema":"1a1c01bbd47fc00a2c39e90264f33305004495a9","hash":"83da61d4e3d98bdf8a83864a4aff3d2c7ba28e3d"}
,"C:\\Users\\Usuario\\Documents\\Academlo2\\BackEnd\\sequelizeapp\\controllers\\cc_transactions.js": {"path":"C:\\Users\\Usuario\\Documents\\Academlo2\\BackEnd\\sequelizeapp\\controllers\\cc_transactions.js","statementMap":{"0":{"start":{"line":2,"column":42},"end":{"line":2,"column":62}},"1":{"start":{"line":6,"column":21},"end":{"line":22,"column":1}},"2":{"start":{"line":7,"column":4},"end":{"line":21,"column":5}},"3":{"start":{"line":8,"column":24},"end":{"line":12,"column":10}},"4":{"start":{"line":13,"column":8},"end":{"line":13,"column":43}},"5":{"start":{"line":16,"column":8},"end":{"line":16,"column":27}},"6":{"start":{"line":17,"column":8},"end":{"line":17,"column":26}},"7":{"start":{"line":18,"column":8},"end":{"line":20,"column":69}},"8":{"start":{"line":24,"column":25},"end":{"line":44,"column":1}},"9":{"start":{"line":26,"column":22},"end":{"line":26,"column":39}},"10":{"start":{"line":28,"column":4},"end":{"line":41,"column":5}},"11":{"start":{"line":29,"column":24},"end":{"line":33,"column":10}},"12":{"start":{"line":34,"column":8},"end":{"line":34,"column":30}},"13":{"start":{"line":37,"column":8},"end":{"line":37,"column":27}},"14":{"start":{"line":38,"column":8},"end":{"line":40,"column":63}},"15":{"start":{"line":46,"column":20},"end":{"line":82,"column":1}},"16":{"start":{"line":58,"column":8},"end":{"line":58,"column":20}},"17":{"start":{"line":60,"column":4},"end":{"line":80,"column":5}},"18":{"start":{"line":61,"column":25},"end":{"line":71,"column":10}},"19":{"start":{"line":73,"column":8},"end":{"line":73,"column":86}},"20":{"start":{"line":76,"column":8},"end":{"line":76,"column":27}},"21":{"start":{"line":77,"column":8},"end":{"line":79,"column":71}},"22":{"start":{"line":84,"column":23},"end":{"line":123,"column":1}},"23":{"start":{"line":85,"column":20},"end":{"line":85,"column":33}},"24":{"start":{"line":97,"column":8},"end":{"line":97,"column":16}},"25":{"start":{"line":98,"column":4},"end":{"line":122,"column":5}},"26":{"start":{"line":99,"column":32},"end":{"line":115,"column":10}},"27":{"start":{"line":116,"column":24},"end":{"line":116,"column":56}},"28":{"start":{"line":117,"column":8},"end":{"line":117,"column":26}},"29":{"start":{"line":119,"column":8},"end":{"line":121,"column":68}},"30":{"start":{"line":125,"column":23},"end":{"line":142,"column":1}},"31":{"start":{"line":127,"column":20},"end":{"line":127,"column":37}},"32":{"start":{"line":129,"column":4},"end":{"line":140,"column":5}},"33":{"start":{"line":130,"column":22},"end":{"line":130,"column":81}},"34":{"start":{"line":131,"column":8},"end":{"line":134,"column":11}},"35":{"start":{"line":136,"column":8},"end":{"line":136,"column":27}},"36":{"start":{"line":137,"column":8},"end":{"line":139,"column":70}},"37":{"start":{"line":147,"column":0},"end":{"line":153,"column":1}}},"fnMap":{"0":{"name":"(anonymous_0)","decl":{"start":{"line":6,"column":21},"end":{"line":6,"column":22}},"loc":{"start":{"line":6,"column":50},"end":{"line":22,"column":1}},"line":6},"1":{"name":"(anonymous_1)","decl":{"start":{"line":24,"column":25},"end":{"line":24,"column":26}},"loc":{"start":{"line":24,"column":54},"end":{"line":44,"column":1}},"line":24},"2":{"name":"(anonymous_2)","decl":{"start":{"line":46,"column":20},"end":{"line":46,"column":21}},"loc":{"start":{"line":46,"column":40},"end":{"line":82,"column":1}},"line":46},"3":{"name":"(anonymous_3)","decl":{"start":{"line":84,"column":23},"end":{"line":84,"column":24}},"loc":{"start":{"line":84,"column":43},"end":{"line":123,"column":1}},"line":84},"4":{"name":"(anonymous_4)","decl":{"start":{"line":125,"column":23},"end":{"line":125,"column":24}},"loc":{"start":{"line":125,"column":52},"end":{"line":142,"column":1}},"line":125}},"branchMap":{},"s":{"0":3,"1":3,"2":0,"3":0,"4":0,"5":0,"6":0,"7":0,"8":3,"9":0,"10":0,"11":0,"12":0,"13":0,"14":0,"15":3,"16":0,"17":0,"18":0,"19":0,"20":0,"21":0,"22":3,"23":0,"24":0,"25":0,"26":0,"27":0,"28":0,"29":0,"30":3,"31":0,"32":0,"33":0,"34":0,"35":0,"36":0,"37":3},"f":{"0":0,"1":0,"2":0,"3":0,"4":0},"b":{},"_coverageSchema":"1a1c01bbd47fc00a2c39e90264f33305004495a9","hash":"235770de86a4e4c65283780fa52d9015397409a1"}
,"C:\\Users\\Usuario\\Documents\\Academlo2\\BackEnd\\sequelizeapp\\controllers\\coupons.js": {"path":"C:\\Users\\Usuario\\Documents\\Academlo2\\BackEnd\\sequelizeapp\\controllers\\coupons.js","statementMap":{"0":{"start":{"line":2,"column":20},"end":{"line":2,"column":40}},"1":{"start":{"line":6,"column":19},"end":{"line":18,"column":1}},"2":{"start":{"line":7,"column":4},"end":{"line":16,"column":5}},"3":{"start":{"line":8,"column":23},"end":{"line":8,"column":46}},"4":{"start":{"line":9,"column":8},"end":{"line":9,"column":42}},"5":{"start":{"line":12,"column":8},"end":{"line":12,"column":26}},"6":{"start":{"line":13,"column":8},"end":{"line":15,"column":64}},"7":{"start":{"line":20,"column":23},"end":{"line":37,"column":1}},"8":{"start":{"line":21,"column":21},"end":{"line":21,"column":38}},"9":{"start":{"line":22,"column":4},"end":{"line":35,"column":5}},"10":{"start":{"line":23,"column":23},"end":{"line":27,"column":10}},"11":{"start":{"line":28,"column":8},"end":{"line":28,"column":29}},"12":{"start":{"line":31,"column":8},"end":{"line":31,"column":26}},"13":{"start":{"line":32,"column":8},"end":{"line":34,"column":63}},"14":{"start":{"line":39,"column":18},"end":{"line":72,"column":1}},"15":{"start":{"line":49,"column":8},"end":{"line":49,"column":20}},"16":{"start":{"line":51,"column":4},"end":{"line":70,"column":5}},"17":{"start":{"line":53,"column":23},"end":{"line":61,"column":10}},"18":{"start":{"line":63,"column":8},"end":{"line":63,"column":84}},"19":{"start":{"line":66,"column":8},"end":{"line":66,"column":27}},"20":{"start":{"line":67,"column":8},"end":{"line":69,"column":59}},"21":{"start":{"line":74,"column":21},"end":{"line":109,"column":1}},"22":{"start":{"line":75,"column":19},"end":{"line":75,"column":36}},"23":{"start":{"line":85,"column":8},"end":{"line":85,"column":20}},"24":{"start":{"line":86,"column":4},"end":{"line":108,"column":5}},"25":{"start":{"line":87,"column":24},"end":{"line":101,"column":10}},"26":{"start":{"line":102,"column":23},"end":{"line":102,"column":47}},"27":{"start":{"line":103,"column":8},"end":{"line":103,"column":30}},"28":{"start":{"line":105,"column":8},"end":{"line":107,"column":68}},"29":{"start":{"line":111,"column":21},"end":{"line":127,"column":1}},"30":{"start":{"line":112,"column":19},"end":{"line":112,"column":36}},"31":{"start":{"line":113,"column":4},"end":{"line":125,"column":5}},"32":{"start":{"line":114,"column":21},"end":{"line":114,"column":71}},"33":{"start":{"line":115,"column":8},"end":{"line":118,"column":11}},"34":{"start":{"line":121,"column":8},"end":{"line":121,"column":27}},"35":{"start":{"line":122,"column":8},"end":{"line":124,"column":65}},"36":{"start":{"line":132,"column":0},"end":{"line":138,"column":1}}},"fnMap":{"0":{"name":"(anonymous_0)","decl":{"start":{"line":6,"column":19},"end":{"line":6,"column":20}},"loc":{"start":{"line":6,"column":48},"end":{"line":18,"column":1}},"line":6},"1":{"name":"(anonymous_1)","decl":{"start":{"line":20,"column":23},"end":{"line":20,"column":24}},"loc":{"start":{"line":20,"column":52},"end":{"line":37,"column":1}},"line":20},"2":{"name":"(anonymous_2)","decl":{"start":{"line":39,"column":18},"end":{"line":39,"column":19}},"loc":{"start":{"line":39,"column":47},"end":{"line":72,"column":1}},"line":39},"3":{"name":"(anonymous_3)","decl":{"start":{"line":74,"column":21},"end":{"line":74,"column":22}},"loc":{"start":{"line":74,"column":50},"end":{"line":109,"column":1}},"line":74},"4":{"name":"(anonymous_4)","decl":{"start":{"line":111,"column":21},"end":{"line":111,"column":22}},"loc":{"start":{"line":111,"column":50},"end":{"line":127,"column":1}},"line":111}},"branchMap":{},"s":{"0":3,"1":3,"2":0,"3":0,"4":0,"5":0,"6":0,"7":3,"8":0,"9":0,"10":0,"11":0,"12":0,"13":0,"14":3,"15":0,"16":0,"17":0,"18":0,"19":0,"20":0,"21":3,"22":0,"23":0,"24":0,"25":0,"26":0,"27":0,"28":0,"29":3,"30":0,"31":0,"32":0,"33":0,"34":0,"35":0,"36":3},"f":{"0":0,"1":0,"2":0,"3":0,"4":0},"b":{},"_coverageSchema":"1a1c01bbd47fc00a2c39e90264f33305004495a9","hash":"f3951df80bc2ca0627aecf31a85695287407e3e8"}
,"C:\\Users\\Usuario\\Documents\\Academlo2\\BackEnd\\sequelizeapp\\controllers\\order_products.js": {"path":"C:\\Users\\Usuario\\Documents\\Academlo2\\BackEnd\\sequelizeapp\\controllers\\order_products.js","statementMap":{"0":{"start":{"line":2,"column":40},"end":{"line":2,"column":60}},"1":{"start":{"line":6,"column":26},"end":{"line":25,"column":1}},"2":{"start":{"line":7,"column":4},"end":{"line":23,"column":5}},"3":{"start":{"line":8,"column":26},"end":{"line":15,"column":9}},"4":{"start":{"line":16,"column":8},"end":{"line":16,"column":45}},"5":{"start":{"line":19,"column":8},"end":{"line":19,"column":26}},"6":{"start":{"line":20,"column":8},"end":{"line":22,"column":67}},"7":{"start":{"line":27,"column":30},"end":{"line":47,"column":1}},"8":{"start":{"line":29,"column":24},"end":{"line":29,"column":41}},"9":{"start":{"line":31,"column":4},"end":{"line":45,"column":5}},"10":{"start":{"line":33,"column":26},"end":{"line":37,"column":10}},"11":{"start":{"line":38,"column":8},"end":{"line":38,"column":32}},"12":{"start":{"line":41,"column":8},"end":{"line":41,"column":26}},"13":{"start":{"line":42,"column":8},"end":{"line":44,"column":66}},"14":{"start":{"line":49,"column":33},"end":{"line":74,"column":1}},"15":{"start":{"line":50,"column":4},"end":{"line":72,"column":5}},"16":{"start":{"line":51,"column":22},"end":{"line":51,"column":41}},"17":{"start":{"line":52,"column":21},"end":{"line":52,"column":39}},"18":{"start":{"line":55,"column":30},"end":{"line":58,"column":10}},"19":{"start":{"line":60,"column":22},"end":{"line":60,"column":52}},"20":{"start":{"line":62,"column":23},"end":{"line":62,"column":54}},"21":{"start":{"line":63,"column":23},"end":{"line":63,"column":46}},"22":{"start":{"line":65,"column":8},"end":{"line":65,"column":83}},"23":{"start":{"line":68,"column":8},"end":{"line":68,"column":27}},"24":{"start":{"line":69,"column":8},"end":{"line":71,"column":67}},"25":{"start":{"line":76,"column":25},"end":{"line":107,"column":1}},"26":{"start":{"line":86,"column":8},"end":{"line":86,"column":20}},"27":{"start":{"line":88,"column":4},"end":{"line":105,"column":5}},"28":{"start":{"line":89,"column":26},"end":{"line":97,"column":10}},"29":{"start":{"line":99,"column":8},"end":{"line":99,"column":94}},"30":{"start":{"line":101,"column":8},"end":{"line":101,"column":26}},"31":{"start":{"line":102,"column":8},"end":{"line":104,"column":72}},"32":{"start":{"line":109,"column":28},"end":{"line":144,"column":1}},"33":{"start":{"line":110,"column":25},"end":{"line":110,"column":42}},"34":{"start":{"line":120,"column":8},"end":{"line":120,"column":20}},"35":{"start":{"line":121,"column":4},"end":{"line":143,"column":5}},"36":{"start":{"line":122,"column":30},"end":{"line":136,"column":10}},"37":{"start":{"line":137,"column":29},"end":{"line":137,"column":59}},"38":{"start":{"line":138,"column":8},"end":{"line":138,"column":36}},"39":{"start":{"line":140,"column":8},"end":{"line":142,"column":68}},"40":{"start":{"line":146,"column":28},"end":{"line":165,"column":1}},"41":{"start":{"line":148,"column":25},"end":{"line":148,"column":42}},"42":{"start":{"line":150,"column":4},"end":{"line":163,"column":5}},"43":{"start":{"line":152,"column":27},"end":{"line":152,"column":90}},"44":{"start":{"line":153,"column":8},"end":{"line":156,"column":11}},"45":{"start":{"line":159,"column":8},"end":{"line":159,"column":26}},"46":{"start":{"line":160,"column":8},"end":{"line":162,"column":72}},"47":{"start":{"line":168,"column":0},"end":{"line":175,"column":1}}},"fnMap":{"0":{"name":"(anonymous_0)","decl":{"start":{"line":6,"column":26},"end":{"line":6,"column":27}},"loc":{"start":{"line":6,"column":55},"end":{"line":25,"column":1}},"line":6},"1":{"name":"(anonymous_1)","decl":{"start":{"line":27,"column":30},"end":{"line":27,"column":31}},"loc":{"start":{"line":27,"column":59},"end":{"line":47,"column":1}},"line":27},"2":{"name":"(anonymous_2)","decl":{"start":{"line":49,"column":33},"end":{"line":49,"column":34}},"loc":{"start":{"line":49,"column":62},"end":{"line":74,"column":1}},"line":49},"3":{"name":"(anonymous_3)","decl":{"start":{"line":76,"column":25},"end":{"line":76,"column":26}},"loc":{"start":{"line":76,"column":54},"end":{"line":107,"column":1}},"line":76},"4":{"name":"(anonymous_4)","decl":{"start":{"line":109,"column":28},"end":{"line":109,"column":29}},"loc":{"start":{"line":109,"column":57},"end":{"line":144,"column":1}},"line":109},"5":{"name":"(anonymous_5)","decl":{"start":{"line":146,"column":28},"end":{"line":146,"column":29}},"loc":{"start":{"line":146,"column":57},"end":{"line":165,"column":1}},"line":146}},"branchMap":{"0":{"loc":{"start":{"line":62,"column":23},"end":{"line":62,"column":54}},"type":"cond-expr","locations":[{"start":{"line":62,"column":38},"end":{"line":62,"column":46}},{"start":{"line":62,"column":49},"end":{"line":62,"column":54}}],"line":62},"1":{"loc":{"start":{"line":63,"column":23},"end":{"line":63,"column":46}},"type":"cond-expr","locations":[{"start":{"line":63,"column":34},"end":{"line":63,"column":42}},{"start":{"line":63,"column":45},"end":{"line":63,"column":46}}],"line":63}},"s":{"0":3,"1":3,"2":0,"3":0,"4":0,"5":0,"6":0,"7":3,"8":0,"9":0,"10":0,"11":0,"12":0,"13":0,"14":3,"15":0,"16":0,"17":0,"18":0,"19":0,"20":0,"21":0,"22":0,"23":0,"24":0,"25":3,"26":0,"27":0,"28":0,"29":0,"30":0,"31":0,"32":3,"33":0,"34":0,"35":0,"36":0,"37":0,"38":0,"39":0,"40":3,"41":0,"42":0,"43":0,"44":0,"45":0,"46":0,"47":3},"f":{"0":0,"1":0,"2":0,"3":0,"4":0,"5":0},"b":{"0":[0,0],"1":[0,0]},"_coverageSchema":"1a1c01bbd47fc00a2c39e90264f33305004495a9","hash":"1db9ac3aa70f206ee41cdd8c1550eab95072d682"}
,"C:\\Users\\Usuario\\Documents\\Academlo2\\BackEnd\\sequelizeapp\\controllers\\product_categories.js": {"path":"C:\\Users\\Usuario\\Documents\\Academlo2\\BackEnd\\sequelizeapp\\controllers\\product_categories.js","statementMap":{"0":{"start":{"line":2,"column":29},"end":{"line":2,"column":49}},"1":{"start":{"line":6,"column":24},"end":{"line":9,"column":1}},"2":{"start":{"line":7,"column":23},"end":{"line":7,"column":57}},"3":{"start":{"line":8,"column":4},"end":{"line":8,"column":42}},"4":{"start":{"line":11,"column":28},"end":{"line":19,"column":1}},"5":{"start":{"line":12,"column":25},"end":{"line":12,"column":42}},"6":{"start":{"line":13,"column":23},"end":{"line":17,"column":6}},"7":{"start":{"line":18,"column":4},"end":{"line":18,"column":29}},"8":{"start":{"line":21,"column":23},"end":{"line":37,"column":1}},"9":{"start":{"line":26,"column":8},"end":{"line":26,"column":20}},"10":{"start":{"line":29,"column":23},"end":{"line":34,"column":6}},"11":{"start":{"line":36,"column":4},"end":{"line":36,"column":94}},"12":{"start":{"line":39,"column":25},"end":{"line":64,"column":1}},"13":{"start":{"line":40,"column":23},"end":{"line":40,"column":40}},"14":{"start":{"line":45,"column":8},"end":{"line":45,"column":20}},"15":{"start":{"line":46,"column":4},"end":{"line":63,"column":5}},"16":{"start":{"line":47,"column":28},"end":{"line":56,"column":10}},"17":{"start":{"line":57,"column":27},"end":{"line":57,"column":55}},"18":{"start":{"line":58,"column":8},"end":{"line":58,"column":34}},"19":{"start":{"line":60,"column":8},"end":{"line":62,"column":68}},"20":{"start":{"line":66,"column":26},"end":{"line":73,"column":1}},"21":{"start":{"line":67,"column":23},"end":{"line":67,"column":40}},"22":{"start":{"line":68,"column":21},"end":{"line":68,"column":82}},"23":{"start":{"line":69,"column":4},"end":{"line":72,"column":7}},"24":{"start":{"line":77,"column":0},"end":{"line":83,"column":1}}},"fnMap":{"0":{"name":"(anonymous_0)","decl":{"start":{"line":6,"column":24},"end":{"line":6,"column":25}},"loc":{"start":{"line":6,"column":53},"end":{"line":9,"column":1}},"line":6},"1":{"name":"(anonymous_1)","decl":{"start":{"line":11,"column":28},"end":{"line":11,"column":29}},"loc":{"start":{"line":11,"column":57},"end":{"line":19,"column":1}},"line":11},"2":{"name":"(anonymous_2)","decl":{"start":{"line":21,"column":23},"end":{"line":21,"column":24}},"loc":{"start":{"line":21,"column":52},"end":{"line":37,"column":1}},"line":21},"3":{"name":"(anonymous_3)","decl":{"start":{"line":39,"column":25},"end":{"line":39,"column":26}},"loc":{"start":{"line":39,"column":54},"end":{"line":64,"column":1}},"line":39},"4":{"name":"(anonymous_4)","decl":{"start":{"line":66,"column":26},"end":{"line":66,"column":27}},"loc":{"start":{"line":66,"column":55},"end":{"line":73,"column":1}},"line":66}},"branchMap":{},"s":{"0":3,"1":3,"2":0,"3":0,"4":3,"5":0,"6":0,"7":0,"8":3,"9":0,"10":0,"11":0,"12":3,"13":0,"14":0,"15":0,"16":0,"17":0,"18":0,"19":0,"20":3,"21":0,"22":0,"23":0,"24":3},"f":{"0":0,"1":0,"2":0,"3":0,"4":0},"b":{},"_coverageSchema":"1a1c01bbd47fc00a2c39e90264f33305004495a9","hash":"e50737fc4a51cf1fbdf3d1c6e05ef7728b36cc93"}
,"C:\\Users\\Usuario\\Documents\\Academlo2\\BackEnd\\sequelizeapp\\controllers\\product_statuses.js": {"path":"C:\\Users\\Usuario\\Documents\\Academlo2\\BackEnd\\sequelizeapp\\controllers\\product_statuses.js","statementMap":{"0":{"start":{"line":2,"column":27},"end":{"line":2,"column":47}},"1":{"start":{"line":6,"column":25},"end":{"line":9,"column":1}},"2":{"start":{"line":7,"column":24},"end":{"line":7,"column":56}},"3":{"start":{"line":8,"column":4},"end":{"line":8,"column":43}},"4":{"start":{"line":11,"column":29},"end":{"line":19,"column":1}},"5":{"start":{"line":12,"column":26},"end":{"line":12,"column":43}},"6":{"start":{"line":13,"column":24},"end":{"line":17,"column":6}},"7":{"start":{"line":18,"column":4},"end":{"line":18,"column":30}},"8":{"start":{"line":21,"column":24},"end":{"line":42,"column":1}},"9":{"start":{"line":25,"column":8},"end":{"line":25,"column":20}},"10":{"start":{"line":27,"column":4},"end":{"line":40,"column":5}},"11":{"start":{"line":28,"column":28},"end":{"line":30,"column":10}},"12":{"start":{"line":32,"column":8},"end":{"line":32,"column":97}},"13":{"start":{"line":35,"column":8},"end":{"line":35,"column":27}},"14":{"start":{"line":36,"column":8},"end":{"line":38,"column":59}},"15":{"start":{"line":44,"column":26},"end":{"line":67,"column":1}},"16":{"start":{"line":45,"column":24},"end":{"line":45,"column":41}},"17":{"start":{"line":49,"column":8},"end":{"line":49,"column":20}},"18":{"start":{"line":50,"column":4},"end":{"line":66,"column":5}},"19":{"start":{"line":51,"column":29},"end":{"line":59,"column":10}},"20":{"start":{"line":60,"column":28},"end":{"line":60,"column":57}},"21":{"start":{"line":61,"column":8},"end":{"line":61,"column":35}},"22":{"start":{"line":63,"column":8},"end":{"line":65,"column":68}},"23":{"start":{"line":69,"column":27},"end":{"line":76,"column":1}},"24":{"start":{"line":70,"column":24},"end":{"line":70,"column":41}},"25":{"start":{"line":71,"column":22},"end":{"line":71,"column":82}},"26":{"start":{"line":72,"column":4},"end":{"line":75,"column":7}},"27":{"start":{"line":80,"column":0},"end":{"line":86,"column":1}}},"fnMap":{"0":{"name":"(anonymous_0)","decl":{"start":{"line":6,"column":25},"end":{"line":6,"column":26}},"loc":{"start":{"line":6,"column":54},"end":{"line":9,"column":1}},"line":6},"1":{"name":"(anonymous_1)","decl":{"start":{"line":11,"column":29},"end":{"line":11,"column":30}},"loc":{"start":{"line":11,"column":58},"end":{"line":19,"column":1}},"line":11},"2":{"name":"(anonymous_2)","decl":{"start":{"line":21,"column":24},"end":{"line":21,"column":25}},"loc":{"start":{"line":21,"column":53},"end":{"line":42,"column":1}},"line":21},"3":{"name":"(anonymous_3)","decl":{"start":{"line":44,"column":26},"end":{"line":44,"column":27}},"loc":{"start":{"line":44,"column":55},"end":{"line":67,"column":1}},"line":44},"4":{"name":"(anonymous_4)","decl":{"start":{"line":69,"column":27},"end":{"line":69,"column":28}},"loc":{"start":{"line":69,"column":56},"end":{"line":76,"column":1}},"line":69}},"branchMap":{},"s":{"0":3,"1":3,"2":0,"3":0,"4":3,"5":0,"6":0,"7":0,"8":3,"9":0,"10":0,"11":0,"12":0,"13":0,"14":0,"15":3,"16":0,"17":0,"18":0,"19":0,"20":0,"21":0,"22":0,"23":3,"24":0,"25":0,"26":0,"27":3},"f":{"0":0,"1":0,"2":0,"3":0,"4":0},"b":{},"_coverageSchema":"1a1c01bbd47fc00a2c39e90264f33305004495a9","hash":"8c30a0b2454bfd8873c2f4f05bac99e2722a866c"}
,"C:\\Users\\Usuario\\Documents\\Academlo2\\BackEnd\\sequelizeapp\\controllers\\product_tags.js": {"path":"C:\\Users\\Usuario\\Documents\\Academlo2\\BackEnd\\sequelizeapp\\controllers\\product_tags.js","statementMap":{"0":{"start":{"line":2,"column":23},"end":{"line":2,"column":43}},"1":{"start":{"line":8,"column":24},"end":{"line":11,"column":1}},"2":{"start":{"line":9,"column":23},"end":{"line":9,"column":51}},"3":{"start":{"line":10,"column":4},"end":{"line":10,"column":42}},"4":{"start":{"line":13,"column":28},"end":{"line":21,"column":1}},"5":{"start":{"line":14,"column":25},"end":{"line":14,"column":42}},"6":{"start":{"line":15,"column":24},"end":{"line":19,"column":6}},"7":{"start":{"line":20,"column":4},"end":{"line":20,"column":30}},"8":{"start":{"line":23,"column":23},"end":{"line":39,"column":1}},"9":{"start":{"line":28,"column":8},"end":{"line":28,"column":20}},"10":{"start":{"line":31,"column":23},"end":{"line":36,"column":6}},"11":{"start":{"line":38,"column":4},"end":{"line":38,"column":89}},"12":{"start":{"line":41,"column":25},"end":{"line":66,"column":1}},"13":{"start":{"line":42,"column":23},"end":{"line":42,"column":40}},"14":{"start":{"line":47,"column":8},"end":{"line":47,"column":20}},"15":{"start":{"line":48,"column":4},"end":{"line":65,"column":5}},"16":{"start":{"line":49,"column":28},"end":{"line":58,"column":10}},"17":{"start":{"line":59,"column":27},"end":{"line":59,"column":55}},"18":{"start":{"line":60,"column":8},"end":{"line":60,"column":34}},"19":{"start":{"line":62,"column":8},"end":{"line":64,"column":68}},"20":{"start":{"line":68,"column":26},"end":{"line":75,"column":1}},"21":{"start":{"line":69,"column":23},"end":{"line":69,"column":40}},"22":{"start":{"line":70,"column":21},"end":{"line":70,"column":76}},"23":{"start":{"line":71,"column":4},"end":{"line":74,"column":7}},"24":{"start":{"line":79,"column":0},"end":{"line":85,"column":1}}},"fnMap":{"0":{"name":"(anonymous_0)","decl":{"start":{"line":8,"column":24},"end":{"line":8,"column":25}},"loc":{"start":{"line":8,"column":53},"end":{"line":11,"column":1}},"line":8},"1":{"name":"(anonymous_1)","decl":{"start":{"line":13,"column":28},"end":{"line":13,"column":29}},"loc":{"start":{"line":13,"column":57},"end":{"line":21,"column":1}},"line":13},"2":{"name":"(anonymous_2)","decl":{"start":{"line":23,"column":23},"end":{"line":23,"column":24}},"loc":{"start":{"line":23,"column":52},"end":{"line":39,"column":1}},"line":23},"3":{"name":"(anonymous_3)","decl":{"start":{"line":41,"column":25},"end":{"line":41,"column":26}},"loc":{"start":{"line":41,"column":54},"end":{"line":66,"column":1}},"line":41},"4":{"name":"(anonymous_4)","decl":{"start":{"line":68,"column":26},"end":{"line":68,"column":27}},"loc":{"start":{"line":68,"column":55},"end":{"line":75,"column":1}},"line":68}},"branchMap":{},"s":{"0":3,"1":3,"2":0,"3":0,"4":3,"5":0,"6":0,"7":0,"8":3,"9":0,"10":0,"11":0,"12":3,"13":0,"14":0,"15":0,"16":0,"17":0,"18":0,"19":0,"20":3,"21":0,"22":0,"23":0,"24":3},"f":{"0":0,"1":0,"2":0,"3":0,"4":0},"b":{},"_coverageSchema":"1a1c01bbd47fc00a2c39e90264f33305004495a9","hash":"17fc62ea74b4b8c9384f44dcca4edca972251535"}
,"C:\\Users\\Usuario\\Documents\\Academlo2\\BackEnd\\sequelizeapp\\controllers\\products.js": {"path":"C:\\Users\\Usuario\\Documents\\Academlo2\\BackEnd\\sequelizeapp\\controllers\\products.js","statementMap":{"0":{"start":{"line":2,"column":52},"end":{"line":2,"column":72}},"1":{"start":{"line":5,"column":20},"end":{"line":35,"column":1}},"2":{"start":{"line":6,"column":4},"end":{"line":34,"column":5}},"3":{"start":{"line":7,"column":25},"end":{"line":25,"column":10}},"4":{"start":{"line":26,"column":8},"end":{"line":26,"column":45}},"5":{"start":{"line":29,"column":8},"end":{"line":29,"column":27}},"6":{"start":{"line":30,"column":8},"end":{"line":32,"column":58}},"7":{"start":{"line":37,"column":24},"end":{"line":54,"column":1}},"8":{"start":{"line":38,"column":4},"end":{"line":52,"column":5}},"9":{"start":{"line":39,"column":26},"end":{"line":39,"column":43}},"10":{"start":{"line":40,"column":25},"end":{"line":44,"column":10}},"11":{"start":{"line":45,"column":8},"end":{"line":45,"column":31}},"12":{"start":{"line":48,"column":8},"end":{"line":48,"column":27}},"13":{"start":{"line":49,"column":8},"end":{"line":51,"column":57}},"14":{"start":{"line":56,"column":26},"end":{"line":84,"column":1}},"15":{"start":{"line":57,"column":4},"end":{"line":81,"column":5}},"16":{"start":{"line":59,"column":22},"end":{"line":59,"column":41}},"17":{"start":{"line":60,"column":17},"end":{"line":60,"column":35}},"18":{"start":{"line":63,"column":22},"end":{"line":66,"column":6}},"19":{"start":{"line":68,"column":16},"end":{"line":68,"column":44}},"20":{"start":{"line":70,"column":17},"end":{"line":70,"column":40}},"21":{"start":{"line":71,"column":17},"end":{"line":71,"column":32}},"22":{"start":{"line":73,"column":4},"end":{"line":73,"column":73}},"23":{"start":{"line":76,"column":8},"end":{"line":76,"column":27}},"24":{"start":{"line":77,"column":8},"end":{"line":79,"column":54}},"25":{"start":{"line":86,"column":19},"end":{"line":123,"column":1}},"26":{"start":{"line":97,"column":8},"end":{"line":97,"column":20}},"27":{"start":{"line":99,"column":4},"end":{"line":121,"column":5}},"28":{"start":{"line":101,"column":24},"end":{"line":110,"column":10}},"29":{"start":{"line":112,"column":8},"end":{"line":112,"column":86}},"30":{"start":{"line":116,"column":8},"end":{"line":116,"column":27}},"31":{"start":{"line":117,"column":8},"end":{"line":119,"column":60}},"32":{"start":{"line":125,"column":21},"end":{"line":163,"column":1}},"33":{"start":{"line":127,"column":20},"end":{"line":127,"column":37}},"34":{"start":{"line":137,"column":8},"end":{"line":137,"column":20}},"35":{"start":{"line":139,"column":4},"end":{"line":162,"column":5}},"36":{"start":{"line":140,"column":25},"end":{"line":155,"column":10}},"37":{"start":{"line":156,"column":24},"end":{"line":156,"column":49}},"38":{"start":{"line":157,"column":8},"end":{"line":157,"column":31}},"39":{"start":{"line":159,"column":8},"end":{"line":161,"column":68}},"40":{"start":{"line":165,"column":22},"end":{"line":184,"column":1}},"41":{"start":{"line":167,"column":20},"end":{"line":167,"column":37}},"42":{"start":{"line":169,"column":4},"end":{"line":182,"column":5}},"43":{"start":{"line":171,"column":22},"end":{"line":171,"column":70}},"44":{"start":{"line":172,"column":8},"end":{"line":175,"column":11}},"45":{"start":{"line":178,"column":8},"end":{"line":178,"column":27}},"46":{"start":{"line":179,"column":8},"end":{"line":181,"column":60}},"47":{"start":{"line":187,"column":0},"end":{"line":194,"column":1}}},"fnMap":{"0":{"name":"(anonymous_0)","decl":{"start":{"line":5,"column":20},"end":{"line":5,"column":21}},"loc":{"start":{"line":5,"column":49},"end":{"line":35,"column":1}},"line":5},"1":{"name":"(anonymous_1)","decl":{"start":{"line":37,"column":24},"end":{"line":37,"column":25}},"loc":{"start":{"line":37,"column":53},"end":{"line":54,"column":1}},"line":37},"2":{"name":"(anonymous_2)","decl":{"start":{"line":56,"column":26},"end":{"line":56,"column":27}},"loc":{"start":{"line":56,"column":51},"end":{"line":84,"column":1}},"line":56},"3":{"name":"(anonymous_3)","decl":{"start":{"line":86,"column":19},"end":{"line":86,"column":20}},"loc":{"start":{"line":86,"column":48},"end":{"line":123,"column":1}},"line":86},"4":{"name":"(anonymous_4)","decl":{"start":{"line":125,"column":21},"end":{"line":125,"column":22}},"loc":{"start":{"line":125,"column":50},"end":{"line":163,"column":1}},"line":125},"5":{"name":"(anonymous_5)","decl":{"start":{"line":165,"column":22},"end":{"line":165,"column":23}},"loc":{"start":{"line":165,"column":51},"end":{"line":184,"column":1}},"line":165}},"branchMap":{"0":{"loc":{"start":{"line":70,"column":17},"end":{"line":70,"column":40}},"type":"cond-expr","locations":[{"start":{"line":70,"column":28},"end":{"line":70,"column":34}},{"start":{"line":70,"column":35},"end":{"line":70,"column":40}}],"line":70},"1":{"loc":{"start":{"line":71,"column":17},"end":{"line":71,"column":32}},"type":"cond-expr","locations":[{"start":{"line":71,"column":24},"end":{"line":71,"column":30}},{"start":{"line":71,"column":31},"end":{"line":71,"column":32}}],"line":71}},"s":{"0":3,"1":3,"2":0,"3":0,"4":0,"5":0,"6":0,"7":3,"8":0,"9":0,"10":0,"11":0,"12":0,"13":0,"14":3,"15":0,"16":0,"17":0,"18":0,"19":0,"20":0,"21":0,"22":0,"23":0,"24":0,"25":3,"26":0,"27":0,"28":0,"29":0,"30":0,"31":0,"32":3,"33":0,"34":0,"35":0,"36":0,"37":0,"38":0,"39":0,"40":3,"41":0,"42":0,"43":0,"44":0,"45":0,"46":0,"47":3},"f":{"0":0,"1":0,"2":0,"3":0,"4":0,"5":0},"b":{"0":[0,0],"1":[0,0]},"_coverageSchema":"1a1c01bbd47fc00a2c39e90264f33305004495a9","hash":"e27a623c567207d8d3b4680c63ef2e32a6088da7"}
,"C:\\Users\\Usuario\\Documents\\Academlo2\\BackEnd\\sequelizeapp\\controllers\\roles.js": {"path":"C:\\Users\\Usuario\\Documents\\Academlo2\\BackEnd\\sequelizeapp\\controllers\\roles.js","statementMap":{"0":{"start":{"line":2,"column":18},"end":{"line":2,"column":38}},"1":{"start":{"line":6,"column":17},"end":{"line":19,"column":1}},"2":{"start":{"line":7,"column":4},"end":{"line":17,"column":5}},"3":{"start":{"line":9,"column":21},"end":{"line":9,"column":42}},"4":{"start":{"line":10,"column":8},"end":{"line":10,"column":40}},"5":{"start":{"line":13,"column":8},"end":{"line":13,"column":27}},"6":{"start":{"line":14,"column":8},"end":{"line":16,"column":58}},"7":{"start":{"line":21,"column":21},"end":{"line":40,"column":1}},"8":{"start":{"line":23,"column":19},"end":{"line":23,"column":36}},"9":{"start":{"line":24,"column":4},"end":{"line":38,"column":5}},"10":{"start":{"line":26,"column":22},"end":{"line":30,"column":10}},"11":{"start":{"line":31,"column":8},"end":{"line":31,"column":28}},"12":{"start":{"line":34,"column":8},"end":{"line":34,"column":27}},"13":{"start":{"line":35,"column":8},"end":{"line":37,"column":57}},"14":{"start":{"line":42,"column":16},"end":{"line":58,"column":1}},"15":{"start":{"line":45,"column":8},"end":{"line":45,"column":20}},"16":{"start":{"line":46,"column":4},"end":{"line":57,"column":5}},"17":{"start":{"line":47,"column":21},"end":{"line":49,"column":10}},"18":{"start":{"line":51,"column":8},"end":{"line":51,"column":78}},"19":{"start":{"line":53,"column":8},"end":{"line":53,"column":26}},"20":{"start":{"line":54,"column":8},"end":{"line":56,"column":59}},"21":{"start":{"line":60,"column":19},"end":{"line":83,"column":1}},"22":{"start":{"line":61,"column":17},"end":{"line":61,"column":34}},"23":{"start":{"line":65,"column":8},"end":{"line":65,"column":20}},"24":{"start":{"line":66,"column":4},"end":{"line":82,"column":5}},"25":{"start":{"line":67,"column":22},"end":{"line":75,"column":10}},"26":{"start":{"line":76,"column":21},"end":{"line":76,"column":43}},"27":{"start":{"line":77,"column":8},"end":{"line":77,"column":28}},"28":{"start":{"line":79,"column":8},"end":{"line":81,"column":69}},"29":{"start":{"line":85,"column":19},"end":{"line":103,"column":1}},"30":{"start":{"line":86,"column":17},"end":{"line":86,"column":34}},"31":{"start":{"line":88,"column":4},"end":{"line":101,"column":5}},"32":{"start":{"line":90,"column":19},"end":{"line":90,"column":65}},"33":{"start":{"line":91,"column":8},"end":{"line":94,"column":11}},"34":{"start":{"line":97,"column":8},"end":{"line":97,"column":27}},"35":{"start":{"line":98,"column":8},"end":{"line":100,"column":59}},"36":{"start":{"line":106,"column":0},"end":{"line":112,"column":1}}},"fnMap":{"0":{"name":"(anonymous_0)","decl":{"start":{"line":6,"column":17},"end":{"line":6,"column":18}},"loc":{"start":{"line":6,"column":46},"end":{"line":19,"column":1}},"line":6},"1":{"name":"(anonymous_1)","decl":{"start":{"line":21,"column":21},"end":{"line":21,"column":22}},"loc":{"start":{"line":21,"column":50},"end":{"line":40,"column":1}},"line":21},"2":{"name":"(anonymous_2)","decl":{"start":{"line":42,"column":16},"end":{"line":42,"column":17}},"loc":{"start":{"line":42,"column":45},"end":{"line":58,"column":1}},"line":42},"3":{"name":"(anonymous_3)","decl":{"start":{"line":60,"column":19},"end":{"line":60,"column":20}},"loc":{"start":{"line":60,"column":48},"end":{"line":83,"column":1}},"line":60},"4":{"name":"(anonymous_4)","decl":{"start":{"line":85,"column":19},"end":{"line":85,"column":20}},"loc":{"start":{"line":85,"column":48},"end":{"line":103,"column":1}},"line":85}},"branchMap":{},"s":{"0":3,"1":3,"2":0,"3":0,"4":0,"5":0,"6":0,"7":3,"8":0,"9":0,"10":0,"11":0,"12":0,"13":0,"14":3,"15":0,"16":0,"17":0,"18":0,"19":0,"20":0,"21":3,"22":0,"23":0,"24":0,"25":0,"26":0,"27":0,"28":0,"29":3,"30":0,"31":0,"32":0,"33":0,"34":0,"35":0,"36":3},"f":{"0":0,"1":0,"2":0,"3":0,"4":0},"b":{},"_coverageSchema":"1a1c01bbd47fc00a2c39e90264f33305004495a9","hash":"2c8e8889eac41e7d5a90ea5f0b2d279bfc7b8f37"}
,"C:\\Users\\Usuario\\Documents\\Academlo2\\BackEnd\\sequelizeapp\\controllers\\sales_orders.js": {"path":"C:\\Users\\Usuario\\Documents\\Academlo2\\BackEnd\\sequelizeapp\\controllers\\sales_orders.js","statementMap":{"0":{"start":{"line":2,"column":51},"end":{"line":2,"column":71}},"1":{"start":{"line":6,"column":23},"end":{"line":35,"column":1}},"2":{"start":{"line":8,"column":4},"end":{"line":33,"column":5}},"3":{"start":{"line":9,"column":26},"end":{"line":25,"column":9}},"4":{"start":{"line":26,"column":8},"end":{"line":26,"column":45}},"5":{"start":{"line":29,"column":8},"end":{"line":29,"column":26}},"6":{"start":{"line":30,"column":8},"end":{"line":32,"column":63}},"7":{"start":{"line":37,"column":27},"end":{"line":58,"column":1}},"8":{"start":{"line":38,"column":24},"end":{"line":38,"column":41}},"9":{"start":{"line":40,"column":4},"end":{"line":56,"column":5}},"10":{"start":{"line":42,"column":28},"end":{"line":46,"column":10}},"11":{"start":{"line":47,"column":8},"end":{"line":47,"column":34}},"12":{"start":{"line":51,"column":8},"end":{"line":51,"column":26}},"13":{"start":{"line":52,"column":8},"end":{"line":54,"column":58}},"14":{"start":{"line":60,"column":31},"end":{"line":86,"column":1}},"15":{"start":{"line":62,"column":4},"end":{"line":84,"column":5}},"16":{"start":{"line":63,"column":22},"end":{"line":63,"column":41}},"17":{"start":{"line":64,"column":21},"end":{"line":64,"column":39}},"18":{"start":{"line":67,"column":28},"end":{"line":70,"column":10}},"19":{"start":{"line":72,"column":22},"end":{"line":72,"column":52}},"20":{"start":{"line":74,"column":23},"end":{"line":74,"column":54}},"21":{"start":{"line":75,"column":23},"end":{"line":75,"column":46}},"22":{"start":{"line":77,"column":8},"end":{"line":77,"column":81}},"23":{"start":{"line":80,"column":8},"end":{"line":80,"column":26}},"24":{"start":{"line":81,"column":8},"end":{"line":83,"column":67}},"25":{"start":{"line":88,"column":22},"end":{"line":117,"column":1}},"26":{"start":{"line":96,"column":8},"end":{"line":96,"column":20}},"27":{"start":{"line":98,"column":4},"end":{"line":115,"column":5}},"28":{"start":{"line":100,"column":27},"end":{"line":106,"column":10}},"29":{"start":{"line":108,"column":8},"end":{"line":108,"column":90}},"30":{"start":{"line":111,"column":8},"end":{"line":111,"column":26}},"31":{"start":{"line":112,"column":8},"end":{"line":114,"column":65}},"32":{"start":{"line":119,"column":25},"end":{"line":150,"column":1}},"33":{"start":{"line":120,"column":22},"end":{"line":120,"column":39}},"34":{"start":{"line":128,"column":8},"end":{"line":128,"column":20}},"35":{"start":{"line":129,"column":4},"end":{"line":149,"column":5}},"36":{"start":{"line":130,"column":28},"end":{"line":142,"column":10}},"37":{"start":{"line":143,"column":26},"end":{"line":143,"column":54}},"38":{"start":{"line":144,"column":8},"end":{"line":144,"column":33}},"39":{"start":{"line":146,"column":8},"end":{"line":148,"column":75}},"40":{"start":{"line":152,"column":25},"end":{"line":170,"column":1}},"41":{"start":{"line":154,"column":22},"end":{"line":154,"column":39}},"42":{"start":{"line":156,"column":4},"end":{"line":168,"column":5}},"43":{"start":{"line":158,"column":24},"end":{"line":158,"column":82}},"44":{"start":{"line":159,"column":8},"end":{"line":162,"column":11}},"45":{"start":{"line":165,"column":8},"end":{"line":167,"column":69}},"46":{"start":{"line":174,"column":0},"end":{"line":181,"column":1}}},"fnMap":{"0":{"name":"(anonymous_0)","decl":{"start":{"line":6,"column":23},"end":{"line":6,"column":24}},"loc":{"start":{"line":6,"column":52},"end":{"line":35,"column":1}},"line":6},"1":{"name":"(anonymous_1)","decl":{"start":{"line":37,"column":27},"end":{"line":37,"column":28}},"loc":{"start":{"line":37,"column":56},"end":{"line":58,"column":1}},"line":37},"2":{"name":"(anonymous_2)","decl":{"start":{"line":60,"column":31},"end":{"line":60,"column":32}},"loc":{"start":{"line":60,"column":60},"end":{"line":86,"column":1}},"line":60},"3":{"name":"(anonymous_3)","decl":{"start":{"line":88,"column":22},"end":{"line":88,"column":23}},"loc":{"start":{"line":88,"column":51},"end":{"line":117,"column":1}},"line":88},"4":{"name":"(anonymous_4)","decl":{"start":{"line":119,"column":25},"end":{"line":119,"column":26}},"loc":{"start":{"line":119,"column":54},"end":{"line":150,"column":1}},"line":119},"5":{"name":"(anonymous_5)","decl":{"start":{"line":152,"column":25},"end":{"line":152,"column":26}},"loc":{"start":{"line":152,"column":54},"end":{"line":170,"column":1}},"line":152}},"branchMap":{"0":{"loc":{"start":{"line":74,"column":23},"end":{"line":74,"column":54}},"type":"cond-expr","locations":[{"start":{"line":74,"column":38},"end":{"line":74,"column":46}},{"start":{"line":74,"column":49},"end":{"line":74,"column":54}}],"line":74},"1":{"loc":{"start":{"line":75,"column":23},"end":{"line":75,"column":46}},"type":"cond-expr","locations":[{"start":{"line":75,"column":34},"end":{"line":75,"column":42}},{"start":{"line":75,"column":45},"end":{"line":75,"column":46}}],"line":75}},"s":{"0":3,"1":3,"2":0,"3":0,"4":0,"5":0,"6":0,"7":3,"8":0,"9":0,"10":0,"11":0,"12":0,"13":0,"14":3,"15":0,"16":0,"17":0,"18":0,"19":0,"20":0,"21":0,"22":0,"23":0,"24":0,"25":3,"26":0,"27":0,"28":0,"29":0,"30":0,"31":0,"32":3,"33":0,"34":0,"35":0,"36":0,"37":0,"38":0,"39":0,"40":3,"41":0,"42":0,"43":0,"44":0,"45":0,"46":3},"f":{"0":0,"1":0,"2":0,"3":0,"4":0,"5":0},"b":{"0":[0,0],"1":[0,0]},"_coverageSchema":"1a1c01bbd47fc00a2c39e90264f33305004495a9","hash":"acc19e6b0b1c8d68e0311faa255ebe8ff6aaba73"}
,"C:\\Users\\Usuario\\Documents\\Academlo2\\BackEnd\\sequelizeapp\\controllers\\sessions.js": {"path":"C:\\Users\\Usuario\\Documents\\Academlo2\\BackEnd\\sequelizeapp\\controllers\\sessions.js","statementMap":{"0":{"start":{"line":2,"column":21},"end":{"line":2,"column":41}},"1":{"start":{"line":6,"column":20},"end":{"line":16,"column":1}},"2":{"start":{"line":7,"column":4},"end":{"line":15,"column":5}},"3":{"start":{"line":8,"column":24},"end":{"line":8,"column":48}},"4":{"start":{"line":9,"column":8},"end":{"line":9,"column":43}},"5":{"start":{"line":11,"column":8},"end":{"line":11,"column":27}},"6":{"start":{"line":12,"column":8},"end":{"line":14,"column":64}},"7":{"start":{"line":18,"column":24},"end":{"line":35,"column":1}},"8":{"start":{"line":20,"column":22},"end":{"line":20,"column":39}},"9":{"start":{"line":21,"column":4},"end":{"line":33,"column":5}},"10":{"start":{"line":22,"column":25},"end":{"line":26,"column":10}},"11":{"start":{"line":27,"column":8},"end":{"line":27,"column":31}},"12":{"start":{"line":29,"column":8},"end":{"line":29,"column":26}},"13":{"start":{"line":30,"column":8},"end":{"line":32,"column":58}},"14":{"start":{"line":37,"column":19},"end":{"line":56,"column":1}},"15":{"start":{"line":41,"column":8},"end":{"line":41,"column":20}},"16":{"start":{"line":43,"column":4},"end":{"line":55,"column":5}},"17":{"start":{"line":44,"column":24},"end":{"line":46,"column":10}},"18":{"start":{"line":48,"column":8},"end":{"line":48,"column":84}},"19":{"start":{"line":51,"column":8},"end":{"line":51,"column":27}},"20":{"start":{"line":52,"column":8},"end":{"line":54,"column":58}},"21":{"start":{"line":58,"column":22},"end":{"line":81,"column":1}},"22":{"start":{"line":59,"column":20},"end":{"line":59,"column":37}},"23":{"start":{"line":63,"column":8},"end":{"line":63,"column":20}},"24":{"start":{"line":64,"column":4},"end":{"line":80,"column":5}},"25":{"start":{"line":65,"column":25},"end":{"line":73,"column":10}},"26":{"start":{"line":74,"column":24},"end":{"line":74,"column":49}},"27":{"start":{"line":75,"column":8},"end":{"line":75,"column":31}},"28":{"start":{"line":77,"column":8},"end":{"line":79,"column":72}},"29":{"start":{"line":83,"column":22},"end":{"line":101,"column":1}},"30":{"start":{"line":85,"column":20},"end":{"line":85,"column":37}},"31":{"start":{"line":87,"column":4},"end":{"line":99,"column":5}},"32":{"start":{"line":88,"column":22},"end":{"line":88,"column":74}},"33":{"start":{"line":89,"column":8},"end":{"line":92,"column":11}},"34":{"start":{"line":94,"column":8},"end":{"line":94,"column":27}},"35":{"start":{"line":95,"column":8},"end":{"line":97,"column":61}},"36":{"start":{"line":106,"column":0},"end":{"line":112,"column":1}}},"fnMap":{"0":{"name":"(anonymous_0)","decl":{"start":{"line":6,"column":20},"end":{"line":6,"column":21}},"loc":{"start":{"line":6,"column":49},"end":{"line":16,"column":1}},"line":6},"1":{"name":"(anonymous_1)","decl":{"start":{"line":18,"column":24},"end":{"line":18,"column":25}},"loc":{"start":{"line":18,"column":53},"end":{"line":35,"column":1}},"line":18},"2":{"name":"(anonymous_2)","decl":{"start":{"line":37,"column":19},"end":{"line":37,"column":20}},"loc":{"start":{"line":37,"column":48},"end":{"line":56,"column":1}},"line":37},"3":{"name":"(anonymous_3)","decl":{"start":{"line":58,"column":22},"end":{"line":58,"column":23}},"loc":{"start":{"line":58,"column":51},"end":{"line":81,"column":1}},"line":58},"4":{"name":"(anonymous_4)","decl":{"start":{"line":83,"column":22},"end":{"line":83,"column":23}},"loc":{"start":{"line":83,"column":51},"end":{"line":101,"column":1}},"line":83}},"branchMap":{},"s":{"0":3,"1":3,"2":0,"3":0,"4":0,"5":0,"6":0,"7":3,"8":0,"9":0,"10":0,"11":0,"12":0,"13":0,"14":3,"15":0,"16":0,"17":0,"18":0,"19":0,"20":0,"21":3,"22":0,"23":0,"24":0,"25":0,"26":0,"27":0,"28":0,"29":3,"30":0,"31":0,"32":0,"33":0,"34":0,"35":0,"36":3},"f":{"0":0,"1":0,"2":0,"3":0,"4":0},"b":{},"_coverageSchema":"1a1c01bbd47fc00a2c39e90264f33305004495a9","hash":"4d49075a1d3f04546fa3a4815b4565bb353987a1"}
,"C:\\Users\\Usuario\\Documents\\Academlo2\\BackEnd\\sequelizeapp\\controllers\\tags.js": {"path":"C:\\Users\\Usuario\\Documents\\Academlo2\\BackEnd\\sequelizeapp\\controllers\\tags.js","statementMap":{"0":{"start":{"line":2,"column":17},"end":{"line":2,"column":37}},"1":{"start":{"line":5,"column":16},"end":{"line":16,"column":1}},"2":{"start":{"line":6,"column":4},"end":{"line":14,"column":5}},"3":{"start":{"line":7,"column":20},"end":{"line":7,"column":40}},"4":{"start":{"line":8,"column":8},"end":{"line":8,"column":39}},"5":{"start":{"line":10,"column":8},"end":{"line":10,"column":27}},"6":{"start":{"line":11,"column":8},"end":{"line":13,"column":55}},"7":{"start":{"line":18,"column":20},"end":{"line":37,"column":1}},"8":{"start":{"line":20,"column":18},"end":{"line":20,"column":35}},"9":{"start":{"line":22,"column":4},"end":{"line":35,"column":5}},"10":{"start":{"line":23,"column":21},"end":{"line":27,"column":10}},"11":{"start":{"line":28,"column":8},"end":{"line":28,"column":27}},"12":{"start":{"line":31,"column":8},"end":{"line":31,"column":27}},"13":{"start":{"line":32,"column":8},"end":{"line":34,"column":54}},"14":{"start":{"line":39,"column":15},"end":{"line":58,"column":1}},"15":{"start":{"line":43,"column":8},"end":{"line":43,"column":20}},"16":{"start":{"line":44,"column":4},"end":{"line":55,"column":5}},"17":{"start":{"line":45,"column":20},"end":{"line":47,"column":10}},"18":{"start":{"line":48,"column":8},"end":{"line":48,"column":74}},"19":{"start":{"line":51,"column":8},"end":{"line":51,"column":27}},"20":{"start":{"line":52,"column":8},"end":{"line":54,"column":58}},"21":{"start":{"line":60,"column":18},"end":{"line":83,"column":1}},"22":{"start":{"line":61,"column":16},"end":{"line":61,"column":33}},"23":{"start":{"line":65,"column":8},"end":{"line":65,"column":20}},"24":{"start":{"line":66,"column":4},"end":{"line":82,"column":5}},"25":{"start":{"line":67,"column":21},"end":{"line":75,"column":10}},"26":{"start":{"line":76,"column":20},"end":{"line":76,"column":41}},"27":{"start":{"line":77,"column":8},"end":{"line":77,"column":27}},"28":{"start":{"line":79,"column":8},"end":{"line":81,"column":68}},"29":{"start":{"line":85,"column":18},"end":{"line":102,"column":1}},"30":{"start":{"line":87,"column":4},"end":{"line":100,"column":5}},"31":{"start":{"line":89,"column":18},"end":{"line":89,"column":62}},"32":{"start":{"line":90,"column":8},"end":{"line":93,"column":11}},"33":{"start":{"line":96,"column":8},"end":{"line":96,"column":27}},"34":{"start":{"line":97,"column":8},"end":{"line":99,"column":62}},"35":{"start":{"line":106,"column":0},"end":{"line":112,"column":1}}},"fnMap":{"0":{"name":"(anonymous_0)","decl":{"start":{"line":5,"column":16},"end":{"line":5,"column":17}},"loc":{"start":{"line":5,"column":45},"end":{"line":16,"column":1}},"line":5},"1":{"name":"(anonymous_1)","decl":{"start":{"line":18,"column":20},"end":{"line":18,"column":21}},"loc":{"start":{"line":18,"column":49},"end":{"line":37,"column":1}},"line":18},"2":{"name":"(anonymous_2)","decl":{"start":{"line":39,"column":15},"end":{"line":39,"column":16}},"loc":{"start":{"line":39,"column":44},"end":{"line":58,"column":1}},"line":39},"3":{"name":"(anonymous_3)","decl":{"start":{"line":60,"column":18},"end":{"line":60,"column":19}},"loc":{"start":{"line":60,"column":47},"end":{"line":83,"column":1}},"line":60},"4":{"name":"(anonymous_4)","decl":{"start":{"line":85,"column":18},"end":{"line":85,"column":19}},"loc":{"start":{"line":85,"column":47},"end":{"line":102,"column":1}},"line":85}},"branchMap":{},"s":{"0":3,"1":3,"2":0,"3":0,"4":0,"5":0,"6":0,"7":3,"8":0,"9":0,"10":0,"11":0,"12":0,"13":0,"14":3,"15":0,"16":0,"17":0,"18":0,"19":0,"20":0,"21":3,"22":0,"23":0,"24":0,"25":0,"26":0,"27":0,"28":0,"29":3,"30":0,"31":0,"32":0,"33":0,"34":0,"35":3},"f":{"0":0,"1":0,"2":0,"3":0,"4":0},"b":{},"_coverageSchema":"1a1c01bbd47fc00a2c39e90264f33305004495a9","hash":"79a07fc7c67ad58653f50660341bec89a6fc58df"}
,"C:\\Users\\Usuario\\Documents\\Academlo2\\BackEnd\\sequelizeapp\\controllers\\user_roles.js": {"path":"C:\\Users\\Usuario\\Documents\\Academlo2\\BackEnd\\sequelizeapp\\controllers\\user_roles.js","statementMap":{"0":{"start":{"line":2,"column":21},"end":{"line":2,"column":41}},"1":{"start":{"line":5,"column":22},"end":{"line":8,"column":1}},"2":{"start":{"line":6,"column":22},"end":{"line":6,"column":48}},"3":{"start":{"line":7,"column":4},"end":{"line":7,"column":41}},"4":{"start":{"line":10,"column":26},"end":{"line":18,"column":1}},"5":{"start":{"line":11,"column":20},"end":{"line":11,"column":37}},"6":{"start":{"line":12,"column":23},"end":{"line":16,"column":6}},"7":{"start":{"line":17,"column":4},"end":{"line":17,"column":29}},"8":{"start":{"line":20,"column":21},"end":{"line":36,"column":1}},"9":{"start":{"line":25,"column":8},"end":{"line":25,"column":20}},"10":{"start":{"line":28,"column":22},"end":{"line":33,"column":6}},"11":{"start":{"line":35,"column":4},"end":{"line":35,"column":84}},"12":{"start":{"line":38,"column":23},"end":{"line":63,"column":1}},"13":{"start":{"line":39,"column":18},"end":{"line":39,"column":35}},"14":{"start":{"line":44,"column":8},"end":{"line":44,"column":20}},"15":{"start":{"line":45,"column":4},"end":{"line":62,"column":5}},"16":{"start":{"line":46,"column":27},"end":{"line":55,"column":10}},"17":{"start":{"line":56,"column":26},"end":{"line":56,"column":53}},"18":{"start":{"line":57,"column":8},"end":{"line":57,"column":33}},"19":{"start":{"line":59,"column":8},"end":{"line":61,"column":68}},"20":{"start":{"line":65,"column":24},"end":{"line":72,"column":1}},"21":{"start":{"line":66,"column":18},"end":{"line":66,"column":35}},"22":{"start":{"line":67,"column":20},"end":{"line":67,"column":68}},"23":{"start":{"line":68,"column":4},"end":{"line":71,"column":7}},"24":{"start":{"line":76,"column":0},"end":{"line":82,"column":1}}},"fnMap":{"0":{"name":"(anonymous_0)","decl":{"start":{"line":5,"column":22},"end":{"line":5,"column":23}},"loc":{"start":{"line":5,"column":51},"end":{"line":8,"column":1}},"line":5},"1":{"name":"(anonymous_1)","decl":{"start":{"line":10,"column":26},"end":{"line":10,"column":27}},"loc":{"start":{"line":10,"column":55},"end":{"line":18,"column":1}},"line":10},"2":{"name":"(anonymous_2)","decl":{"start":{"line":20,"column":21},"end":{"line":20,"column":22}},"loc":{"start":{"line":20,"column":50},"end":{"line":36,"column":1}},"line":20},"3":{"name":"(anonymous_3)","decl":{"start":{"line":38,"column":23},"end":{"line":38,"column":24}},"loc":{"start":{"line":38,"column":52},"end":{"line":63,"column":1}},"line":38},"4":{"name":"(anonymous_4)","decl":{"start":{"line":65,"column":24},"end":{"line":65,"column":25}},"loc":{"start":{"line":65,"column":53},"end":{"line":72,"column":1}},"line":65}},"branchMap":{},"s":{"0":3,"1":3,"2":0,"3":0,"4":3,"5":0,"6":0,"7":0,"8":3,"9":0,"10":0,"11":0,"12":3,"13":0,"14":0,"15":0,"16":0,"17":0,"18":0,"19":0,"20":3,"21":0,"22":0,"23":0,"24":3},"f":{"0":0,"1":0,"2":0,"3":0,"4":0},"b":{},"_coverageSchema":"1a1c01bbd47fc00a2c39e90264f33305004495a9","hash":"982f6b46e44b31cfcd0f5f795bb9287961ede3b0"}
,"C:\\Users\\Usuario\\Documents\\Academlo2\\BackEnd\\sequelizeapp\\controllers\\users.js": {"path":"C:\\Users\\Usuario\\Documents\\Academlo2\\BackEnd\\sequelizeapp\\controllers\\users.js","statementMap":{"0":{"start":{"line":1,"column":15},"end":{"line":1,"column":34}},"1":{"start":{"line":2,"column":17},"end":{"line":2,"column":37}},"2":{"start":{"line":3,"column":12},"end":{"line":3,"column":35}},"3":{"start":{"line":5,"column":16},"end":{"line":39,"column":1}},"4":{"start":{"line":14,"column":8},"end":{"line":14,"column":20}},"5":{"start":{"line":16,"column":4},"end":{"line":38,"column":5}},"6":{"start":{"line":19,"column":34},"end":{"line":19,"column":63}},"7":{"start":{"line":21,"column":21},"end":{"line":28,"column":10}},"8":{"start":{"line":29,"column":8},"end":{"line":29,"column":72}},"9":{"start":{"line":30,"column":8},"end":{"line":30,"column":75}},"10":{"start":{"line":34,"column":8},"end":{"line":34,"column":27}},"11":{"start":{"line":35,"column":8},"end":{"line":37,"column":55}},"12":{"start":{"line":41,"column":19},"end":{"line":67,"column":1}},"13":{"start":{"line":43,"column":4},"end":{"line":65,"column":5}},"14":{"start":{"line":44,"column":22},"end":{"line":44,"column":47}},"15":{"start":{"line":45,"column":21},"end":{"line":45,"column":44}},"16":{"start":{"line":48,"column":22},"end":{"line":51,"column":10}},"17":{"start":{"line":53,"column":22},"end":{"line":53,"column":52}},"18":{"start":{"line":55,"column":23},"end":{"line":55,"column":54}},"19":{"start":{"line":56,"column":23},"end":{"line":56,"column":46}},"20":{"start":{"line":58,"column":8},"end":{"line":58,"column":75}},"21":{"start":{"line":61,"column":8},"end":{"line":61,"column":27}},"22":{"start":{"line":62,"column":8},"end":{"line":64,"column":62}},"23":{"start":{"line":69,"column":17},"end":{"line":86,"column":1}},"24":{"start":{"line":71,"column":19},"end":{"line":71,"column":36}},"25":{"start":{"line":72,"column":4},"end":{"line":84,"column":5}},"26":{"start":{"line":73,"column":22},"end":{"line":77,"column":10}},"27":{"start":{"line":78,"column":8},"end":{"line":78,"column":28}},"28":{"start":{"line":80,"column":8},"end":{"line":80,"column":27}},"29":{"start":{"line":81,"column":8},"end":{"line":83,"column":57}},"30":{"start":{"line":88,"column":19},"end":{"line":111,"column":1}},"31":{"start":{"line":89,"column":17},"end":{"line":89,"column":34}},"32":{"start":{"line":90,"column":18},"end":{"line":90,"column":67}},"33":{"start":{"line":91,"column":4},"end":{"line":109,"column":5}},"34":{"start":{"line":92,"column":19},"end":{"line":96,"column":10}},"35":{"start":{"line":97,"column":8},"end":{"line":106,"column":9}},"36":{"start":{"line":98,"column":12},"end":{"line":102,"column":15}},"37":{"start":{"line":103,"column":12},"end":{"line":103,"column":72}},"38":{"start":{"line":105,"column":12},"end":{"line":105,"column":100}},"39":{"start":{"line":108,"column":8},"end":{"line":108,"column":96}},"40":{"start":{"line":113,"column":11},"end":{"line":122,"column":1}},"41":{"start":{"line":114,"column":4},"end":{"line":121,"column":5}},"42":{"start":{"line":115,"column":8},"end":{"line":115,"column":51}},"43":{"start":{"line":117,"column":8},"end":{"line":117,"column":27}},"44":{"start":{"line":118,"column":8},"end":{"line":120,"column":51}},"45":{"start":{"line":124,"column":19},"end":{"line":157,"column":1}},"46":{"start":{"line":125,"column":17},"end":{"line":125,"column":34}},"47":{"start":{"line":134,"column":8},"end":{"line":134,"column":20}},"48":{"start":{"line":135,"column":4},"end":{"line":156,"column":5}},"49":{"start":{"line":136,"column":22},"end":{"line":149,"column":10}},"50":{"start":{"line":150,"column":21},"end":{"line":150,"column":43}},"51":{"start":{"line":151,"column":8},"end":{"line":151,"column":28}},"52":{"start":{"line":153,"column":8},"end":{"line":155,"column":68}},"53":{"start":{"line":161,"column":0},"end":{"line":168,"column":1}}},"fnMap":{"0":{"name":"(anonymous_0)","decl":{"start":{"line":5,"column":16},"end":{"line":5,"column":17}},"loc":{"start":{"line":5,"column":45},"end":{"line":39,"column":1}},"line":5},"1":{"name":"(anonymous_1)","decl":{"start":{"line":41,"column":19},"end":{"line":41,"column":20}},"loc":{"start":{"line":41,"column":48},"end":{"line":67,"column":1}},"line":41},"2":{"name":"(anonymous_2)","decl":{"start":{"line":69,"column":17},"end":{"line":69,"column":18}},"loc":{"start":{"line":69,"column":46},"end":{"line":86,"column":1}},"line":69},"3":{"name":"(anonymous_3)","decl":{"start":{"line":88,"column":19},"end":{"line":88,"column":20}},"loc":{"start":{"line":88,"column":48},"end":{"line":111,"column":1}},"line":88},"4":{"name":"(anonymous_4)","decl":{"start":{"line":113,"column":11},"end":{"line":113,"column":12}},"loc":{"start":{"line":113,"column":40},"end":{"line":122,"column":1}},"line":113},"5":{"name":"(anonymous_5)","decl":{"start":{"line":124,"column":19},"end":{"line":124,"column":20}},"loc":{"start":{"line":124,"column":48},"end":{"line":157,"column":1}},"line":124}},"branchMap":{"0":{"loc":{"start":{"line":44,"column":22},"end":{"line":44,"column":47}},"type":"binary-expr","locations":[{"start":{"line":44,"column":22},"end":{"line":44,"column":41}},{"start":{"line":44,"column":45},"end":{"line":44,"column":47}}],"line":44},"1":{"loc":{"start":{"line":45,"column":21},"end":{"line":45,"column":44}},"type":"binary-expr","locations":[{"start":{"line":45,"column":21},"end":{"line":45,"column":39}},{"start":{"line":45,"column":43},"end":{"line":45,"column":44}}],"line":45},"2":{"loc":{"start":{"line":55,"column":23},"end":{"line":55,"column":54}},"type":"cond-expr","locations":[{"start":{"line":55,"column":38},"end":{"line":55,"column":46}},{"start":{"line":55,"column":49},"end":{"line":55,"column":54}}],"line":55},"3":{"loc":{"start":{"line":56,"column":23},"end":{"line":56,"column":46}},"type":"cond-expr","locations":[{"start":{"line":56,"column":34},"end":{"line":56,"column":42}},{"start":{"line":56,"column":45},"end":{"line":56,"column":46}}],"line":56},"4":{"loc":{"start":{"line":97,"column":8},"end":{"line":106,"column":9}},"type":"if","locations":[{"start":{"line":97,"column":8},"end":{"line":106,"column":9}},{"start":{"line":97,"column":8},"end":{"line":106,"column":9}}],"line":97},"5":{"loc":{"start":{"line":97,"column":12},"end":{"line":97,"column":49}},"type":"binary-expr","locations":[{"start":{"line":97,"column":12},"end":{"line":97,"column":41}},{"start":{"line":97,"column":45},"end":{"line":97,"column":49}}],"line":97}},"s":{"0":3,"1":3,"2":3,"3":3,"4":1,"5":1,"6":1,"7":1,"8":1,"9":1,"10":0,"11":0,"12":3,"13":1,"14":1,"15":1,"16":1,"17":1,"18":1,"19":1,"20":1,"21":0,"22":0,"23":3,"24":0,"25":0,"26":0,"27":0,"28":0,"29":0,"30":3,"31":0,"32":0,"33":0,"34":0,"35":0,"36":0,"37":0,"38":0,"39":0,"40":3,"41":0,"42":0,"43":0,"44":0,"45":3,"46":0,"47":0,"48":0,"49":0,"50":0,"51":0,"52":0,"53":3},"f":{"0":1,"1":1,"2":0,"3":0,"4":0,"5":0},"b":{"0":[1,1],"1":[1,1],"2":[1,0],"3":[0,1],"4":[0,0],"5":[0,0]},"_coverageSchema":"1a1c01bbd47fc00a2c39e90264f33305004495a9","hash":"0b9a175978f301498c7127e0c6406aa736cf20dc"}
,"C:\\Users\\Usuario\\Documents\\Academlo2\\BackEnd\\sequelizeapp\\middlewares\\auth.js": {"path":"C:\\Users\\Usuario\\Documents\\Academlo2\\BackEnd\\sequelizeapp\\middlewares\\auth.js","statementMap":{"0":{"start":{"line":1,"column":12},"end":{"line":1,"column":35}},"1":{"start":{"line":2,"column":14},"end":{"line":2,"column":39}},"2":{"start":{"line":4,"column":22},"end":{"line":22,"column":1}},"3":{"start":{"line":6,"column":18},"end":{"line":6,"column":46}},"4":{"start":{"line":7,"column":4},"end":{"line":21,"column":5}},"5":{"start":{"line":8,"column":8},"end":{"line":18,"column":9}},"6":{"start":{"line":9,"column":12},"end":{"line":9,"column":37}},"7":{"start":{"line":10,"column":26},"end":{"line":10,"column":67}},"8":{"start":{"line":11,"column":12},"end":{"line":11,"column":38}},"9":{"start":{"line":12,"column":12},"end":{"line":14,"column":13}},"10":{"start":{"line":13,"column":16},"end":{"line":13,"column":23}},"11":{"start":{"line":16,"column":12},"end":{"line":16,"column":29}},"12":{"start":{"line":17,"column":12},"end":{"line":17,"column":70}},"13":{"start":{"line":20,"column":8},"end":{"line":20,"column":76}},"14":{"start":{"line":25,"column":20},"end":{"line":41,"column":1}},"15":{"start":{"line":26,"column":4},"end":{"line":40,"column":5}},"16":{"start":{"line":27,"column":25},"end":{"line":27,"column":29}},"17":{"start":{"line":28,"column":8},"end":{"line":33,"column":11}},"18":{"start":{"line":29,"column":12},"end":{"line":29,"column":66}},"19":{"start":{"line":30,"column":12},"end":{"line":32,"column":13}},"20":{"start":{"line":31,"column":16},"end":{"line":31,"column":34}},"21":{"start":{"line":34,"column":8},"end":{"line":38,"column":9}},"22":{"start":{"line":35,"column":12},"end":{"line":37,"column":14}},"23":{"start":{"line":39,"column":8},"end":{"line":39,"column":15}},"24":{"start":{"line":44,"column":0},"end":{"line":47,"column":2}}},"fnMap":{"0":{"name":"(anonymous_0)","decl":{"start":{"line":4,"column":22},"end":{"line":4,"column":23}},"loc":{"start":{"line":4,"column":51},"end":{"line":22,"column":1}},"line":4},"1":{"name":"(anonymous_1)","decl":{"start":{"line":25,"column":20},"end":{"line":25,"column":21}},"loc":{"start":{"line":25,"column":42},"end":{"line":41,"column":1}},"line":25},"2":{"name":"(anonymous_2)","decl":{"start":{"line":26,"column":11},"end":{"line":26,"column":12}},"loc":{"start":{"line":26,"column":46},"end":{"line":40,"column":5}},"line":26},"3":{"name":"(anonymous_3)","decl":{"start":{"line":28,"column":35},"end":{"line":28,"column":36}},"loc":{"start":{"line":28,"column":43},"end":{"line":33,"column":9}},"line":28}},"branchMap":{"0":{"loc":{"start":{"line":7,"column":4},"end":{"line":21,"column":5}},"type":"if","locations":[{"start":{"line":7,"column":4},"end":{"line":21,"column":5}},{"start":{"line":7,"column":4},"end":{"line":21,"column":5}}],"line":7},"1":{"loc":{"start":{"line":12,"column":12},"end":{"line":14,"column":13}},"type":"if","locations":[{"start":{"line":12,"column":12},"end":{"line":14,"column":13}},{"start":{"line":12,"column":12},"end":{"line":14,"column":13}}],"line":12},"2":{"loc":{"start":{"line":30,"column":12},"end":{"line":32,"column":13}},"type":"if","locations":[{"start":{"line":30,"column":12},"end":{"line":32,"column":13}},{"start":{"line":30,"column":12},"end":{"line":32,"column":13}}],"line":30},"3":{"loc":{"start":{"line":34,"column":8},"end":{"line":38,"column":9}},"type":"if","locations":[{"start":{"line":34,"column":8},"end":{"line":38,"column":9}},{"start":{"line":34,"column":8},"end":{"line":38,"column":9}}],"line":34}},"s":{"0":3,"1":3,"2":3,"3":5,"4":5,"5":4,"6":4,"7":4,"8":4,"9":4,"10":4,"11":0,"12":0,"13":1,"14":3,"15":15,"16":4,"17":4,"18":4,"19":4,"20":3,"21":4,"22":1,"23":3,"24":3},"f":{"0":5,"1":15,"2":4,"3":4},"b":{"0":[4,1],"1":[4,0],"2":[3,1],"3":[1,3]},"_coverageSchema":"1a1c01bbd47fc00a2c39e90264f33305004495a9","hash":"c44e26931124f6dc9659be58005f78323d2ca312"}
,"C:\\Users\\Usuario\\Documents\\Academlo2\\BackEnd\\sequelizeapp\\middlewares\\nodemailer.js": {"path":"C:\\Users\\Usuario\\Documents\\Academlo2\\BackEnd\\sequelizeapp\\middlewares\\nodemailer.js","statementMap":{"0":{"start":{"line":1,"column":19},"end":{"line":1,"column":40}},"1":{"start":{"line":2,"column":0},"end":{"line":2,"column":27}},"2":{"start":{"line":6,"column":20},"end":{"line":13,"column":2}},"3":{"start":{"line":15,"column":23},"end":{"line":22,"column":1}},"4":{"start":{"line":16,"column":4},"end":{"line":21,"column":5}},"5":{"start":{"line":24,"column":16},"end":{"line":36,"column":1}},"6":{"start":{"line":26,"column":4},"end":{"line":35,"column":6}},"7":{"start":{"line":27,"column":8},"end":{"line":33,"column":11}},"8":{"start":{"line":28,"column":12},"end":{"line":32,"column":13}},"9":{"start":{"line":29,"column":16},"end":{"line":29,"column":38}},"10":{"start":{"line":31,"column":16},"end":{"line":31,"column":39}},"11":{"start":{"line":38,"column":0},"end":{"line":38,"column":25}}},"fnMap":{"0":{"name":"(anonymous_0)","decl":{"start":{"line":15,"column":23},"end":{"line":15,"column":24}},"loc":{"start":{"line":15,"column":49},"end":{"line":22,"column":1}},"line":15},"1":{"name":"(anonymous_1)","decl":{"start":{"line":24,"column":16},"end":{"line":24,"column":17}},"loc":{"start":{"line":24,"column":40},"end":{"line":36,"column":1}},"line":24},"2":{"name":"(anonymous_2)","decl":{"start":{"line":26,"column":23},"end":{"line":26,"column":24}},"loc":{"start":{"line":26,"column":42},"end":{"line":35,"column":5}},"line":26},"3":{"name":"(anonymous_3)","decl":{"start":{"line":27,"column":66},"end":{"line":27,"column":67}},"loc":{"start":{"line":27,"column":80},"end":{"line":33,"column":9}},"line":27}},"branchMap":{"0":{"loc":{"start":{"line":28,"column":12},"end":{"line":32,"column":13}},"type":"if","locations":[{"start":{"line":28,"column":12},"end":{"line":32,"column":13}},{"start":{"line":28,"column":12},"end":{"line":32,"column":13}}],"line":28}},"s":{"0":3,"1":3,"2":3,"3":3,"4":0,"5":3,"6":0,"7":0,"8":0,"9":0,"10":0,"11":3},"f":{"0":0,"1":0,"2":0,"3":0},"b":{"0":[0,0]},"_coverageSchema":"1a1c01bbd47fc00a2c39e90264f33305004495a9","hash":"309af43b71e2c1548f36d3c03733b8aa5b3c187f"}
,"C:\\Users\\Usuario\\Documents\\Academlo2\\BackEnd\\sequelizeapp\\models\\categories.js": {"path":"C:\\Users\\Usuario\\Documents\\Academlo2\\BackEnd\\sequelizeapp\\models\\categories.js","statementMap":{"0":{"start":{"line":4,"column":4},"end":{"line":4,"column":24}},"1":{"start":{"line":5,"column":0},"end":{"line":30,"column":2}},"2":{"start":{"line":9,"column":6},"end":{"line":13,"column":9}},"3":{"start":{"line":14,"column":6},"end":{"line":17,"column":9}},"4":{"start":{"line":20,"column":2},"end":{"line":28,"column":5}},"5":{"start":{"line":29,"column":2},"end":{"line":29,"column":20}}},"fnMap":{"0":{"name":"(anonymous_0)","decl":{"start":{"line":5,"column":17},"end":{"line":5,"column":18}},"loc":{"start":{"line":5,"column":43},"end":{"line":30,"column":1}},"line":5},"1":{"name":"(anonymous_1)","decl":{"start":{"line":8,"column":4},"end":{"line":8,"column":5}},"loc":{"start":{"line":8,"column":29},"end":{"line":18,"column":5}},"line":8}},"branchMap":{},"s":{"0":3,"1":3,"2":3,"3":3,"4":3,"5":3},"f":{"0":3,"1":3},"b":{},"_coverageSchema":"1a1c01bbd47fc00a2c39e90264f33305004495a9","hash":"0398d2f62f47b3ff646d82a07807ad91f2037a80"}
[...]
,"C:\\Users\\Usuario\\Documents\\Academlo2\\BackEnd\\sequelizeapp\\models\\users.js": {"path":"C:\\Users\\Usuario\\Documents\\Academlo2\\BackEnd\\sequelizeapp\\models\\users.js","statementMap":{"0":{"start":{"line":4,"column":4},"end":{"line":4,"column":24}},"1":{"start":{"line":5,"column":0},"end":{"line":34,"column":2}},"2":{"start":{"line":9,"column":6},"end":{"line":13,"column":9}},"3":{"start":{"line":14,"column":6},"end":{"line":17,"column":9}},"4":{"start":{"line":20,"column":2},"end":{"line":32,"column":5}},"5":{"start":{"line":33,"column":2},"end":{"line":33,"column":15}}},"fnMap":{"0":{"name":"(anonymous_0)","decl":{"start":{"line":5,"column":17},"end":{"line":5,"column":18}},"loc":{"start":{"line":5,"column":43},"end":{"line":34,"column":1}},"line":5},"1":{"name":"(anonymous_1)","decl":{"start":{"line":7,"column":4},"end":{"line":7,"column":5}},"loc":{"start":{"line":7,"column":29},"end":{"line":18,"column":5}},"line":7}},"branchMap":{},"s":{"0":3,"1":3,"2":3,"3":3,"4":3,"5":3},"f":{"0":3,"1":3},"b":{},"_coverageSchema":"1a1c01bbd47fc00a2c39e90264f33305004495a9","hash":"ccafbef4e7b001f9db3a393c675e877448022d87"}
,"C:\\Users\\Usuario\\Documents\\Academlo2\\BackEnd\\sequelizeapp\\routes\\auth.js": {"path":"C:\\Users\\Usuario\\Documents\\Academlo2\\BackEnd\\sequelizeapp\\routes\\auth.js","statementMap":{"0":{"start":{"line":1,"column":16},"end":{"line":1,"column":34}},"1":{"start":{"line":2,"column":55},"end":{"line":2,"column":85}},"2":{"start":{"line":4,"column":15},"end":{"line":4,"column":31}},"3":{"start":{"line":6,"column":0},"end":{"line":6,"column":42}},"4":{"start":{"line":7,"column":0},"end":{"line":7,"column":61}},"5":{"start":{"line":8,"column":0},"end":{"line":8,"column":44}},"6":{"start":{"line":9,"column":0},"end":{"line":9,"column":59}},"7":{"start":{"line":13,"column":0},"end":{"line":13,"column":24}}},"fnMap":{},"branchMap":{},"s":{"0":3,"1":3,"2":3,"3":3,"4":3,"5":3,"6":3,"7":3},"f":{},"b":{},"_coverageSchema":"1a1c01bbd47fc00a2c39e90264f33305004495a9","hash":"a2d27566ee7280ea6ce0e97e75ae14a896121a44"}
,"C:\\Users\\Usuario\\Documents\\Academlo2\\BackEnd\\sequelizeapp\\routes\\categories.js": {"path":"C:\\Users\\Usuario\\Documents\\Academlo2\\BackEnd\\sequelizeapp\\routes\\categories.js","statementMap":{"0":{"start":{"line":1,"column":16},"end":{"line":1,"column":34}},"1":{"start":{"line":7,"column":8},"end":{"line":7,"column":44}},"2":{"start":{"line":8,"column":15},"end":{"line":8,"column":31}},"3":{"start":{"line":9,"column":36},"end":{"line":9,"column":66}},"4":{"start":{"line":13,"column":0},"end":{"line":13,"column":47}},"5":{"start":{"line":15,"column":0},"end":{"line":15,"column":101}},"6":{"start":{"line":16,"column":0},"end":{"line":16,"column":65}},"7":{"start":{"line":19,"column":0},"end":{"line":19,"column":55}},"8":{"start":{"line":21,"column":0},"end":{"line":21,"column":53}},"9":{"start":{"line":23,"column":0},"end":{"line":23,"column":23}}},"fnMap":{},"branchMap":{},"s":{"0":3,"1":3,"2":3,"3":3,"4":3,"5":3,"6":3,"7":3,"8":3,"9":3},"f":{},"b":{},"_coverageSchema":"1a1c01bbd47fc00a2c39e90264f33305004495a9","hash":"b7f109aecbd84d18ac18c1ef0fb218259e342696"}
,"C:\\Users\\Usuario\\Documents\\Academlo2\\BackEnd\\sequelizeapp\\routes\\cc_transactions.js": {"path":"C:\\Users\\Usuario\\Documents\\Academlo2\\BackEnd\\sequelizeapp\\routes\\cc_transactions.js","statementMap":{"0":{"start":{"line":1,"column":16},"end":{"line":1,"column":34}},"1":{"start":{"line":8,"column":8},"end":{"line":8,"column":49}},"2":{"start":{"line":9,"column":15},"end":{"line":9,"column":31}},"3":{"start":{"line":10,"column":24},"end":{"line":10,"column":54}},"4":{"start":{"line":14,"column":0},"end":{"line":14,"column":67}},"5":{"start":{"line":16,"column":0},"end":{"line":16,"column":52}},"6":{"start":{"line":17,"column":0},"end":{"line":17,"column":75}},"7":{"start":{"line":20,"column":0},"end":{"line":20,"column":61}},"8":{"start":{"line":22,"column":0},"end":{"line":22,"column":58}},"9":{"start":{"line":24,"column":0},"end":{"line":24,"column":23}}},"fnMap":{},"branchMap":{},"s":{"0":3,"1":3,"2":3,"3":3,"4":3,"5":3,"6":3,"7":3,"8":3,"9":3},"f":{},"b":{},"_coverageSchema":"1a1c01bbd47fc00a2c39e90264f33305004495a9","hash":"80753f7b98c3d91435daef0f1c638cdce3a20bbd"}
,"C:\\Users\\Usuario\\Documents\\Academlo2\\BackEnd\\sequelizeapp\\routes\\coupons.js": {"path":"C:\\Users\\Usuario\\Documents\\Academlo2\\BackEnd\\sequelizeapp\\routes\\coupons.js","statementMap":{"0":{"start":{"line":1,"column":16},"end":{"line":1,"column":34}},"1":{"start":{"line":8,"column":8},"end":{"line":8,"column":41}},"2":{"start":{"line":9,"column":15},"end":{"line":9,"column":31}},"3":{"start":{"line":10,"column":24},"end":{"line":10,"column":54}},"4":{"start":{"line":14,"column":0},"end":{"line":14,"column":57}},"5":{"start":{"line":16,"column":0},"end":{"line":16,"column":42}},"6":{"start":{"line":17,"column":0},"end":{"line":17,"column":65}},"7":{"start":{"line":20,"column":0},"end":{"line":20,"column":51}},"8":{"start":{"line":22,"column":0},"end":{"line":22,"column":48}},"9":{"start":{"line":24,"column":0},"end":{"line":24,"column":23}}},"fnMap":{},"branchMap":{},"s":{"0":3,"1":3,"2":3,"3":3,"4":3,"5":3,"6":3,"7":3,"8":3,"9":3},"f":{},"b":{},"_coverageSchema":"1a1c01bbd47fc00a2c39e90264f33305004495a9","hash":"12c1f7b5e11e38a20996918926f2e4bdf54e6f40"}
,"C:\\Users\\Usuario\\Documents\\Academlo2\\BackEnd\\sequelizeapp\\routes\\order_products.js": {"path":"C:\\Users\\Usuario\\Documents\\Academlo2\\BackEnd\\sequelizeapp\\routes\\order_products.js","statementMap":{"0":{"start":{"line":1,"column":16},"end":{"line":1,"column":34}},"1":{"start":{"line":9,"column":8},"end":{"line":9,"column":48}},"2":{"start":{"line":10,"column":15},"end":{"line":10,"column":31}},"3":{"start":{"line":11,"column":24},"end":{"line":11,"column":54}},"4":{"start":{"line":15,"column":0},"end":{"line":15,"column":71}},"5":{"start":{"line":17,"column":0},"end":{"line":17,"column":56}},"6":{"start":{"line":18,"column":0},"end":{"line":18,"column":70}},"7":{"start":{"line":19,"column":0},"end":{"line":19,"column":79}},"8":{"start":{"line":22,"column":0},"end":{"line":22,"column":65}},"9":{"start":{"line":24,"column":0},"end":{"line":24,"column":62}},"10":{"start":{"line":26,"column":0},"end":{"line":26,"column":23}}},"fnMap":{},"branchMap":{},"s":{"0":3,"1":3,"2":3,"3":3,"4":3,"5":3,"6":3,"7":3,"8":3,"9":3,"10":3},"f":{},"b":{},"_coverageSchema":"1a1c01bbd47fc00a2c39e90264f33305004495a9","hash":"61fbf5d0e97ea600ff17d4f634e3fb25462c1dfc"}
,"C:\\Users\\Usuario\\Documents\\Academlo2\\BackEnd\\sequelizeapp\\routes\\product_categories.js": {"path":"C:\\Users\\Usuario\\Documents\\Academlo2\\BackEnd\\sequelizeapp\\routes\\product_categories.js","statementMap":{"0":{"start":{"line":1,"column":16},"end":{"line":1,"column":34}},"1":{"start":{"line":8,"column":8},"end":{"line":8,"column":52}},"2":{"start":{"line":9,"column":15},"end":{"line":9,"column":31}},"3":{"start":{"line":10,"column":24},"end":{"line":10,"column":54}},"4":{"start":{"line":14,"column":0},"end":{"line":14,"column":73}},"5":{"start":{"line":16,"column":0},"end":{"line":16,"column":58}},"6":{"start":{"line":17,"column":0},"end":{"line":17,"column":81}},"7":{"start":{"line":20,"column":0},"end":{"line":20,"column":67}},"8":{"start":{"line":22,"column":0},"end":{"line":22,"column":64}},"9":{"start":{"line":24,"column":0},"end":{"line":24,"column":23}}},"fnMap":{},"branchMap":{},"s":{"0":3,"1":3,"2":3,"3":3,"4":3,"5":3,"6":3,"7":3,"8":3,"9":3},"f":{},"b":{},"_coverageSchema":"1a1c01bbd47fc00a2c39e90264f33305004495a9","hash":"4b4ea481f04842fc41b3fff7eb2826323d133255"}
,"C:\\Users\\Usuario\\Documents\\Academlo2\\BackEnd\\sequelizeapp\\routes\\product_statuses.js": {"path":"C:\\Users\\Usuario\\Documents\\Academlo2\\BackEnd\\sequelizeapp\\routes\\product_statuses.js","statementMap":{"0":{"start":{"line":1,"column":16},"end":{"line":1,"column":34}},"1":{"start":{"line":8,"column":8},"end":{"line":8,"column":50}},"2":{"start":{"line":9,"column":15},"end":{"line":9,"column":31}},"3":{"start":{"line":10,"column":24},"end":{"line":10,"column":54}},"4":{"start":{"line":14,"column":0},"end":{"line":14,"column":72}},"5":{"start":{"line":16,"column":0},"end":{"line":16,"column":57}},"6":{"start":{"line":17,"column":0},"end":{"line":17,"column":80}},"7":{"start":{"line":20,"column":0},"end":{"line":20,"column":66}},"8":{"start":{"line":22,"column":0},"end":{"line":22,"column":63}},"9":{"start":{"line":24,"column":0},"end":{"line":24,"column":23}}},"fnMap":{},"branchMap":{},"s":{"0":3,"1":3,"2":3,"3":3,"4":3,"5":3,"6":3,"7":3,"8":3,"9":3},"f":{},"b":{},"_coverageSchema":"1a1c01bbd47fc00a2c39e90264f33305004495a9","hash":"3329fb1e8203d70eff2fc086db671db49551920b"}
,"C:\\Users\\Usuario\\Documents\\Academlo2\\BackEnd\\sequelizeapp\\routes\\product_tags.js": {"path":"C:\\Users\\Usuario\\Documents\\Academlo2\\BackEnd\\sequelizeapp\\routes\\product_tags.js","statementMap":{"0":{"start":{"line":1,"column":16},"end":{"line":1,"column":34}},"1":{"start":{"line":8,"column":8},"end":{"line":8,"column":46}},"2":{"start":{"line":9,"column":15},"end":{"line":9,"column":31}},"3":{"start":{"line":10,"column":24},"end":{"line":10,"column":54}},"4":{"start":{"line":14,"column":0},"end":{"line":14,"column":67}},"5":{"start":{"line":16,"column":0},"end":{"line":16,"column":52}},"6":{"start":{"line":17,"column":0},"end":{"line":17,"column":75}},"7":{"start":{"line":20,"column":0},"end":{"line":20,"column":61}},"8":{"start":{"line":22,"column":0},"end":{"line":22,"column":58}},"9":{"start":{"line":24,"column":0},"end":{"line":24,"column":23}}},"fnMap":{},"branchMap":{},"s":{"0":3,"1":3,"2":3,"3":3,"4":3,"5":3,"6":3,"7":3,"8":3,"9":3},"f":{},"b":{},"_coverageSchema":"1a1c01bbd47fc00a2c39e90264f33305004495a9","hash":"8b29bfb14bd5c42c4d180021d37292b2de3236fd"}
,"C:\\Users\\Usuario\\Documents\\Academlo2\\BackEnd\\sequelizeapp\\routes\\products.js": {"path":"C:\\Users\\Usuario\\Documents\\Academlo2\\BackEnd\\sequelizeapp\\routes\\products.js","statementMap":{"0":{"start":{"line":1,"column":16},"end":{"line":1,"column":34}},"1":{"start":{"line":9,"column":8},"end":{"line":9,"column":42}},"2":{"start":{"line":10,"column":15},"end":{"line":10,"column":31}},"3":{"start":{"line":11,"column":24},"end":{"line":11,"column":54}},"4":{"start":{"line":15,"column":0},"end":{"line":15,"column":59}},"5":{"start":{"line":17,"column":0},"end":{"line":17,"column":44}},"6":{"start":{"line":18,"column":0},"end":{"line":18,"column":59}},"7":{"start":{"line":19,"column":0},"end":{"line":19,"column":67}},"8":{"start":{"line":22,"column":0},"end":{"line":22,"column":53}},"9":{"start":{"line":24,"column":0},"end":{"line":24,"column":50}},"10":{"start":{"line":26,"column":0},"end":{"line":26,"column":23}}},"fnMap":{},"branchMap":{},"s":{"0":3,"1":3,"2":3,"3":3,"4":3,"5":3,"6":3,"7":3,"8":3,"9":3,"10":3},"f":{},"b":{},"_coverageSchema":"1a1c01bbd47fc00a2c39e90264f33305004495a9","hash":"0836d50c587f1cb9e874cc4e1186a029d263ff2b"}
,"C:\\Users\\Usuario\\Documents\\Academlo2\\BackEnd\\sequelizeapp\\routes\\roles.js": {"path":"C:\\Users\\Usuario\\Documents\\Academlo2\\BackEnd\\sequelizeapp\\routes\\roles.js","statementMap":{"0":{"start":{"line":1,"column":16},"end":{"line":1,"column":34}},"1":{"start":{"line":8,"column":8},"end":{"line":8,"column":39}},"2":{"start":{"line":9,"column":15},"end":{"line":9,"column":31}},"3":{"start":{"line":10,"column":24},"end":{"line":10,"column":54}},"4":{"start":{"line":14,"column":0},"end":{"line":14,"column":53}},"5":{"start":{"line":16,"column":0},"end":{"line":16,"column":38}},"6":{"start":{"line":17,"column":0},"end":{"line":17,"column":61}},"7":{"start":{"line":20,"column":0},"end":{"line":20,"column":47}},"8":{"start":{"line":22,"column":0},"end":{"line":22,"column":44}},"9":{"start":{"line":24,"column":0},"end":{"line":24,"column":23}}},"fnMap":{},"branchMap":{},"s":{"0":3,"1":3,"2":3,"3":3,"4":3,"5":3,"6":3,"7":3,"8":3,"9":3},"f":{},"b":{},"_coverageSchema":"1a1c01bbd47fc00a2c39e90264f33305004495a9","hash":"60ce306b0b9d5ba52a743668ccd25cdc7113cddf"}
,"C:\\Users\\Usuario\\Documents\\Academlo2\\BackEnd\\sequelizeapp\\routes\\sales_orders.js": {"path":"C:\\Users\\Usuario\\Documents\\Academlo2\\BackEnd\\sequelizeapp\\routes\\sales_orders.js","statementMap":{"0":{"start":{"line":1,"column":16},"end":{"line":1,"column":34}},"1":{"start":{"line":9,"column":8},"end":{"line":9,"column":46}},"2":{"start":{"line":10,"column":15},"end":{"line":10,"column":31}},"3":{"start":{"line":11,"column":24},"end":{"line":11,"column":54}},"4":{"start":{"line":15,"column":0},"end":{"line":15,"column":66}},"5":{"start":{"line":17,"column":0},"end":{"line":17,"column":51}},"6":{"start":{"line":18,"column":0},"end":{"line":18,"column":66}},"7":{"start":{"line":19,"column":0},"end":{"line":19,"column":74}},"8":{"start":{"line":22,"column":0},"end":{"line":22,"column":60}},"9":{"start":{"line":24,"column":0},"end":{"line":24,"column":57}},"10":{"start":{"line":26,"column":0},"end":{"line":26,"column":23}}},"fnMap":{},"branchMap":{},"s":{"0":3,"1":3,"2":3,"3":3,"4":3,"5":3,"6":3,"7":3,"8":3,"9":3,"10":3},"f":{},"b":{},"_coverageSchema":"1a1c01bbd47fc00a2c39e90264f33305004495a9","hash":"92e479d01796d26ed9ff2a147e8f2e80d0239efb"}
,"C:\\Users\\Usuario\\Documents\\Academlo2\\BackEnd\\sequelizeapp\\routes\\sessions.js": {"path":"C:\\Users\\Usuario\\Documents\\Academlo2\\BackEnd\\sequelizeapp\\routes\\sessions.js","statementMap":{"0":{"start":{"line":1,"column":16},"end":{"line":1,"column":34}},"1":{"start":{"line":8,"column":8},"end":{"line":8,"column":42}},"2":{"start":{"line":9,"column":15},"end":{"line":9,"column":31}},"3":{"start":{"line":10,"column":24},"end":{"line":10,"column":54}},"4":{"start":{"line":14,"column":0},"end":{"line":14,"column":59}},"5":{"start":{"line":16,"column":0},"end":{"line":16,"column":44}},"6":{"start":{"line":17,"column":0},"end":{"line":17,"column":67}},"7":{"start":{"line":20,"column":0},"end":{"line":20,"column":53}},"8":{"start":{"line":22,"column":0},"end":{"line":22,"column":50}},"9":{"start":{"line":24,"column":0},"end":{"line":24,"column":23}}},"fnMap":{},"branchMap":{},"s":{"0":3,"1":3,"2":3,"3":3,"4":3,"5":3,"6":3,"7":3,"8":3,"9":3},"f":{},"b":{},"_coverageSchema":"1a1c01bbd47fc00a2c39e90264f33305004495a9","hash":"a677794b6cfb55faf75531ff9ef7a57fb0920b4c"}
,"C:\\Users\\Usuario\\Documents\\Academlo2\\BackEnd\\sequelizeapp\\routes\\tags.js": {"path":"C:\\Users\\Usuario\\Documents\\Academlo2\\BackEnd\\sequelizeapp\\routes\\tags.js","statementMap":{"0":{"start":{"line":1,"column":16},"end":{"line":1,"column":34}},"1":{"start":{"line":8,"column":8},"end":{"line":8,"column":38}},"2":{"start":{"line":9,"column":15},"end":{"line":9,"column":31}},"3":{"start":{"line":10,"column":24},"end":{"line":10,"column":54}},"4":{"start":{"line":14,"column":0},"end":{"line":14,"column":51}},"5":{"start":{"line":16,"column":0},"end":{"line":16,"column":36}},"6":{"start":{"line":17,"column":0},"end":{"line":17,"column":59}},"7":{"start":{"line":20,"column":0},"end":{"line":20,"column":45}},"8":{"start":{"line":22,"column":0},"end":{"line":22,"column":42}},"9":{"start":{"line":24,"column":0},"end":{"line":24,"column":23}}},"fnMap":{},"branchMap":{},"s":{"0":3,"1":3,"2":3,"3":3,"4":3,"5":3,"6":3,"7":3,"8":3,"9":3},"f":{},"b":{},"_coverageSchema":"1a1c01bbd47fc00a2c39e90264f33305004495a9","hash":"dc3f64ab3ac8507f0a71443135e439d253c13245"}
,"C:\\Users\\Usuario\\Documents\\Academlo2\\BackEnd\\sequelizeapp\\routes\\user_roles.js": {"path":"C:\\Users\\Usuario\\Documents\\Academlo2\\BackEnd\\sequelizeapp\\routes\\user_roles.js","statementMap":{"0":{"start":{"line":1,"column":16},"end":{"line":1,"column":34}},"1":{"start":{"line":8,"column":8},"end":{"line":8,"column":44}},"2":{"start":{"line":9,"column":15},"end":{"line":9,"column":31}},"3":{"start":{"line":10,"column":24},"end":{"line":10,"column":54}},"4":{"start":{"line":14,"column":0},"end":{"line":14,"column":63}},"5":{"start":{"line":16,"column":0},"end":{"line":16,"column":48}},"6":{"start":{"line":17,"column":0},"end":{"line":17,"column":71}},"7":{"start":{"line":20,"column":0},"end":{"line":20,"column":57}},"8":{"start":{"line":22,"column":0},"end":{"line":22,"column":54}},"9":{"start":{"line":24,"column":0},"end":{"line":24,"column":23}}},"fnMap":{},"branchMap":{},"s":{"0":3,"1":3,"2":3,"3":3,"4":3,"5":3,"6":3,"7":3,"8":3,"9":3},"f":{},"b":{},"_coverageSchema":"1a1c01bbd47fc00a2c39e90264f33305004495a9","hash":"d4e06ed1351ce5821ee8aea3896d772b9fe9147d"}
,"C:\\Users\\Usuario\\Documents\\Academlo2\\BackEnd\\sequelizeapp\\routes\\users.js": {"path":"C:\\Users\\Usuario\\Documents\\Academlo2\\BackEnd\\sequelizeapp\\routes\\users.js","statementMap":{"0":{"start":{"line":1,"column":16},"end":{"line":1,"column":34}},"1":{"start":{"line":7,"column":11},"end":{"line":7,"column":42}},"2":{"start":{"line":8,"column":15},"end":{"line":8,"column":31}},"3":{"start":{"line":9,"column":36},"end":{"line":9,"column":66}},"4":{"start":{"line":13,"column":0},"end":{"line":13,"column":88}},"5":{"start":{"line":15,"column":0},"end":{"line":15,"column":87}},"6":{"start":{"line":16,"column":0},"end":{"line":16,"column":57}},"7":{"start":{"line":17,"column":0},"end":{"line":17,"column":35}},"8":{"start":{"line":19,"column":0},"end":{"line":19,"column":96}},"9":{"start":{"line":21,"column":0},"end":{"line":21,"column":93}},"10":{"start":{"line":23,"column":0},"end":{"line":23,"column":23}}},"fnMap":{},"branchMap":{},"s":{"0":3,"1":3,"2":3,"3":3,"4":3,"5":3,"6":3,"7":3,"8":3,"9":3,"10":3},"f":{},"b":{},"_coverageSchema":"1a1c01bbd47fc00a2c39e90264f33305004495a9","hash":"f29e5b1804dae10498723fd30ee2299a75f52e15"}
,"C:\\Users\\Usuario\\Documents\\Academlo2\\BackEnd\\sequelizeapp\\utils\\auth.js": {"path":"C:\\Users\\Usuario\\Documents\\Academlo2\\BackEnd\\sequelizeapp\\utils\\auth.js","statementMap":{"0":{"start":{"line":1,"column":12},"end":{"line":1,"column":35}},"1":{"start":{"line":3,"column":13},"end":{"line":14,"column":1}},"2":{"start":{"line":16,"column":21},"end":{"line":25,"column":1}},"3":{"start":{"line":17,"column":18},"end":{"line":23,"column":50}},"4":{"start":{"line":24,"column":4},"end":{"line":24,"column":17}},"5":{"start":{"line":27,"column":0},"end":{"line":30,"column":1}}},"fnMap":{"0":{"name":"(anonymous_0)","decl":{"start":{"line":16,"column":21},"end":{"line":16,"column":22}},"loc":{"start":{"line":16,"column":31},"end":{"line":25,"column":1}},"line":16}},"branchMap":{},"s":{"0":2,"1":2,"2":2,"3":4,"4":4,"5":2},"f":{"0":4},"b":{},"_coverageSchema":"1a1c01bbd47fc00a2c39e90264f33305004495a9","hash":"e8a047f2dea4cb934f18ffbcbd9716394fe36a59"}
,"C:\\Users\\Usuario\\Documents\\Academlo2\\BackEnd\\sequelizeapp\\utils\\roles.js": {"path":"C:\\Users\\Usuario\\Documents\\Academlo2\\BackEnd\\sequelizeapp\\utils\\roles.js","statementMap":{"0":{"start":{"line":1,"column":22},"end":{"line":1,"column":46}},"1":{"start":{"line":3,"column":11},"end":{"line":3,"column":30}},"2":{"start":{"line":26,"column":14},"end":{"line":81,"column":1}},"3":{"start":{"line":27,"column":4},"end":{"line":36,"column":36}},"4":{"start":{"line":37,"column":4},"end":{"line":65,"column":30}},"5":{"start":{"line":66,"column":4},"end":{"line":78,"column":27}},"6":{"start":{"line":80,"column":4},"end":{"line":80,"column":14}},"7":{"start":{"line":83,"column":0},"end":{"line":83,"column":23}}},"fnMap":{"0":{"name":"(anonymous_0)","decl":{"start":{"line":26,"column":14},"end":{"line":26,"column":15}},"loc":{"start":{"line":26,"column":20},"end":{"line":81,"column":1}},"line":26}},"branchMap":{},"s":{"0":3,"1":3,"2":3,"3":4,"4":4,"5":4,"6":4,"7":3},"f":{"0":4},"b":{},"_coverageSchema":"1a1c01bbd47fc00a2c39e90264f33305004495a9","hash":"b23b0131eccd8205d7fbf3a25aa71efbd573faa7"}
}
