TN:
SF:server.js
FN:50,(anonymous_0)
FNF:1
FNH:0
FNDA:0,(anonymous_0)
DA:1,3
DA:2,3
DA:3,3
DA:4,3
DA:5,3
DA:9,3
DA:10,3
DA:11,3
DA:12,3
DA:13,3
DA:14,3
DA:15,3
DA:16,3
DA:17,3
DA:18,3
DA:19,3
DA:20,3
DA:21,3
DA:22,3
DA:23,3
DA:27,3
DA:28,3
DA:29,3
DA:30,3
DA:34,3
DA:35,3
DA:36,3
DA:37,3
DA:38,3
DA:39,3
DA:40,3
DA:41,3
DA:42,3
DA:43,3
DA:44,3
DA:45,3
DA:46,3
DA:47,3
DA:48,3
DA:50,3
DA:51,0
DA:55,3
LF:42
LH:41
BRF:0
BRH:0
end_of_record
TN:
SF:config\config.js
FNF:0
FNH:0
DA:1,3
DA:2,3
LF:2
LH:2
BRF:0
BRH:0
end_of_record
TN:
SF:controllers\auth.js
FN:8,(anonymous_0)
FN:23,(anonymous_1)
FN:50,(anonymous_2)
FN:70,(anonymous_3)
FN:76,(anonymous_4)
FN:86,(anonymous_5)
FNF:6
FNH:6
FNDA:3,(anonymous_0)
FNDA:1,(anonymous_1)
FNDA:1,(anonymous_2)
FNDA:1,(anonymous_3)
FNDA:1,(anonymous_4)
FNDA:1,(anonymous_5)
DA:1,3
DA:2,3
DA:3,3
DA:4,3
DA:5,3
DA:6,3
DA:8,3
DA:9,3
DA:10,3
DA:20,3
DA:22,1
DA:24,1
DA:25,0
DA:29,1
DA:36,1
DA:44,2
DA:50,3
DA:52,1
DA:53,1
DA:55,1
DA:61,1
DA:62,0
DA:64,1
DA:70,3
DA:71,1
DA:76,3
DA:77,1
DA:78,1
DA:79,1
DA:80,1
DA:81,10
DA:83,1
DA:86,3
DA:87,1
DA:88,1
DA:100,1
DA:101,0
DA:102,0
DA:103,0
DA:113,0
DA:115,0
DA:121,1
DA:127,3
LF:43
LH:36
BRDA:20,0,0,1
BRDA:20,0,1,2
BRDA:24,1,0,0
BRDA:24,1,1,1
BRDA:24,2,0,1
BRDA:24,2,1,1
BRDA:100,3,0,0
BRDA:100,3,1,1
BRF:8
BRH:6
end_of_record
TN:
SF:controllers\categories.js
FN:22,(anonymous_0)
FN:50,(anonymous_1)
FN:70,(anonymous_2)
FN:93,(anonymous_3)
FN:120,(anonymous_4)
FNF:5
FNH:2
FNDA:1,(anonymous_0)
FNDA:0,(anonymous_1)
FNDA:1,(anonymous_2)
FNDA:0,(anonymous_3)
FNDA:0,(anonymous_4)
DA:2,3
DA:22,3
DA:24,1
DA:25,1
DA:26,1
DA:29,1
DA:34,1
DA:36,1
DA:37,1
DA:39,1
DA:42,0
DA:43,0
DA:50,3
DA:51,0
DA:52,0
DA:53,0
DA:58,0
DA:61,0
DA:62,0
DA:70,3
DA:75,1
DA:77,1
DA:79,1
DA:83,1
DA:87,0
DA:88,0
DA:93,3
DA:94,0
DA:99,0
DA:100,0
DA:101,0
DA:111,0
DA:112,0
DA:114,0
DA:120,3
DA:122,0
DA:124,0
DA:125,0
DA:126,0
DA:132,0
DA:133,0
DA:143,3
LF:42
LH:19
BRDA:25,0,0,1
BRDA:25,0,1,1
BRDA:26,1,0,1
BRDA:26,1,1,1
BRDA:36,2,0,1
BRDA:36,2,1,0
BRDA:37,3,0,0
BRDA:37,3,1,1
BRF:8
BRH:6
end_of_record
TN:
SF:controllers\cc_transactions.js
FN:6,(anonymous_0)
FN:24,(anonymous_1)
FN:46,(anonymous_2)
FN:84,(anonymous_3)
FN:125,(anonymous_4)
FNF:5
FNH:0
FNDA:0,(anonymous_0)
FNDA:0,(anonymous_1)
FNDA:0,(anonymous_2)
FNDA:0,(anonymous_3)
FNDA:0,(anonymous_4)
DA:2,3
DA:6,3
DA:7,0
DA:8,0
DA:13,0
DA:16,0
DA:17,0
DA:18,0
DA:24,3
DA:26,0
DA:28,0
DA:29,0
DA:34,0
DA:37,0
DA:38,0
DA:46,3
DA:58,0
DA:60,0
DA:61,0
DA:73,0
DA:76,0
DA:77,0
DA:84,3
DA:85,0
DA:97,0
DA:98,0
DA:99,0
DA:116,0
DA:117,0
DA:119,0
DA:125,3
DA:127,0
DA:129,0
DA:130,0
DA:131,0
DA:136,0
DA:137,0
DA:147,3
LF:38
LH:7
BRF:0
BRH:0
end_of_record
TN:
SF:controllers\coupons.js
FN:6,(anonymous_0)
FN:20,(anonymous_1)
FN:39,(anonymous_2)
FN:74,(anonymous_3)
FN:111,(anonymous_4)
FNF:5
FNH:0
FNDA:0,(anonymous_0)
FNDA:0,(anonymous_1)
FNDA:0,(anonymous_2)
FNDA:0,(anonymous_3)
FNDA:0,(anonymous_4)
DA:2,3
DA:6,3
DA:7,0
DA:8,0
DA:9,0
DA:12,0
DA:13,0
DA:20,3
DA:21,0
DA:22,0
DA:23,0
DA:28,0
DA:31,0
DA:32,0
DA:39,3
DA:49,0
DA:51,0
DA:53,0
DA:63,0
DA:66,0
DA:67,0
DA:74,3
DA:75,0
DA:85,0
DA:86,0
DA:87,0
DA:102,0
DA:103,0
DA:105,0
DA:111,3
DA:112,0
DA:113,0
DA:114,0
DA:115,0
DA:121,0
DA:122,0
DA:132,3
LF:37
LH:7
BRF:0
BRH:0
end_of_record
TN:
SF:controllers\order_products.js
FN:6,(anonymous_0)
FN:27,(anonymous_1)
FN:49,(anonymous_2)
FN:76,(anonymous_3)
FN:109,(anonymous_4)
FN:146,(anonymous_5)
FNF:6
FNH:0
FNDA:0,(anonymous_0)
FNDA:0,(anonymous_1)
FNDA:0,(anonymous_2)
FNDA:0,(anonymous_3)
FNDA:0,(anonymous_4)
FNDA:0,(anonymous_5)
DA:2,3
DA:6,3
DA:7,0
DA:8,0
DA:16,0
DA:19,0
DA:20,0
DA:27,3
DA:29,0
DA:31,0
DA:33,0
DA:38,0
DA:41,0
DA:42,0
DA:49,3
DA:50,0
DA:51,0
DA:52,0
DA:55,0
DA:60,0
DA:62,0
DA:63,0
DA:65,0
DA:68,0
DA:69,0
DA:76,3
DA:86,0
DA:88,0
DA:89,0
DA:99,0
DA:101,0
DA:102,0
DA:109,3
DA:110,0
DA:120,0
DA:121,0
DA:122,0
DA:137,0
DA:138,0
DA:140,0
DA:146,3
DA:148,0
DA:150,0
DA:152,0
DA:153,0
DA:159,0
DA:160,0
DA:168,3
LF:48
LH:8
BRDA:62,0,0,0
BRDA:62,0,1,0
BRDA:63,1,0,0
BRDA:63,1,1,0
BRF:4
BRH:0
end_of_record
TN:
SF:controllers\product_categories.js
FN:6,(anonymous_0)
FN:11,(anonymous_1)
FN:21,(anonymous_2)
FN:39,(anonymous_3)
FN:66,(anonymous_4)
FNF:5
FNH:0
FNDA:0,(anonymous_0)
FNDA:0,(anonymous_1)
FNDA:0,(anonymous_2)
FNDA:0,(anonymous_3)
FNDA:0,(anonymous_4)
DA:2,3
DA:6,3
DA:7,0
DA:8,0
DA:11,3
DA:12,0
DA:13,0
DA:18,0
DA:21,3
DA:26,0
DA:29,0
DA:36,0
DA:39,3
DA:40,0
DA:45,0
DA:46,0
DA:47,0
DA:57,0
DA:58,0
DA:60,0
DA:66,3
DA:67,0
DA:68,0
DA:69,0
DA:77,3
LF:25
LH:7
BRF:0
BRH:0
end_of_record
TN:
SF:controllers\product_statuses.js
FN:6,(anonymous_0)
FN:11,(anonymous_1)
FN:21,(anonymous_2)
FN:44,(anonymous_3)
FN:69,(anonymous_4)
FNF:5
FNH:0
FNDA:0,(anonymous_0)
FNDA:0,(anonymous_1)
FNDA:0,(anonymous_2)
FNDA:0,(anonymous_3)
FNDA:0,(anonymous_4)
DA:2,3
DA:6,3
DA:7,0
DA:8,0
DA:11,3
DA:12,0
DA:13,0
DA:18,0
DA:21,3
DA:25,0
DA:27,0
DA:28,0
DA:32,0
DA:35,0
DA:36,0
DA:44,3
DA:45,0
DA:49,0
DA:50,0
DA:51,0
DA:60,0
DA:61,0
DA:63,0
DA:69,3
DA:70,0
DA:71,0
DA:72,0
DA:80,3
LF:28
LH:7
BRF:0
BRH:0
end_of_record
TN:
SF:controllers\product_tags.js
FN:8,(anonymous_0)
FN:13,(anonymous_1)
FN:23,(anonymous_2)
FN:41,(anonymous_3)
FN:68,(anonymous_4)
FNF:5
FNH:0
FNDA:0,(anonymous_0)
FNDA:0,(anonymous_1)
FNDA:0,(anonymous_2)
FNDA:0,(anonymous_3)
FNDA:0,(anonymous_4)
DA:2,3
DA:8,3
DA:9,0
DA:10,0
DA:13,3
DA:14,0
DA:15,0
DA:20,0
DA:23,3
DA:28,0
DA:31,0
DA:38,0
DA:41,3
DA:42,0
DA:47,0
DA:48,0
DA:49,0
DA:59,0
DA:60,0
DA:62,0
DA:68,3
DA:69,0
DA:70,0
DA:71,0
DA:79,3
LF:25
LH:7
BRF:0
BRH:0
end_of_record
TN:
SF:controllers\products.js
FN:5,(anonymous_0)
FN:37,(anonymous_1)
FN:56,(anonymous_2)
FN:86,(anonymous_3)
FN:125,(anonymous_4)
FN:165,(anonymous_5)
FNF:6
FNH:0
FNDA:0,(anonymous_0)
FNDA:0,(anonymous_1)
FNDA:0,(anonymous_2)
FNDA:0,(anonymous_3)
FNDA:0,(anonymous_4)
FNDA:0,(anonymous_5)
DA:2,3
DA:5,3
DA:6,0
DA:7,0
DA:26,0
DA:29,0
DA:30,0
DA:37,3
DA:38,0
DA:39,0
DA:40,0
DA:45,0
DA:48,0
DA:49,0
DA:56,3
DA:57,0
DA:59,0
DA:60,0
DA:63,0
DA:68,0
DA:70,0
DA:71,0
DA:73,0
DA:76,0
DA:77,0
DA:86,3
DA:97,0
DA:99,0
DA:101,0
DA:112,0
DA:116,0
DA:117,0
DA:125,3
DA:127,0
DA:137,0
DA:139,0
DA:140,0
DA:156,0
DA:157,0
DA:159,0
DA:165,3
DA:167,0
DA:169,0
DA:171,0
DA:172,0
DA:178,0
DA:179,0
DA:187,3
LF:48
LH:8
BRDA:70,0,0,0
BRDA:70,0,1,0
BRDA:71,1,0,0
BRDA:71,1,1,0
BRF:4
BRH:0
end_of_record
TN:
SF:controllers\roles.js
FN:6,(anonymous_0)
FN:21,(anonymous_1)
FN:42,(anonymous_2)
FN:60,(anonymous_3)
FN:85,(anonymous_4)
FNF:5
FNH:0
FNDA:0,(anonymous_0)
FNDA:0,(anonymous_1)
FNDA:0,(anonymous_2)
FNDA:0,(anonymous_3)
FNDA:0,(anonymous_4)
DA:2,3
DA:6,3
DA:7,0
DA:9,0
DA:10,0
DA:13,0
DA:14,0
DA:21,3
DA:23,0
DA:24,0
DA:26,0
DA:31,0
DA:34,0
DA:35,0
DA:42,3
DA:45,0
DA:46,0
DA:47,0
DA:51,0
DA:53,0
DA:54,0
DA:60,3
DA:61,0
DA:65,0
DA:66,0
DA:67,0
DA:76,0
DA:77,0
DA:79,0
DA:85,3
DA:86,0
DA:88,0
DA:90,0
DA:91,0
DA:97,0
DA:98,0
DA:106,3
LF:37
LH:7
BRF:0
BRH:0
end_of_record
TN:
SF:controllers\sales_orders.js
FN:6,(anonymous_0)
FN:37,(anonymous_1)
FN:60,(anonymous_2)
FN:88,(anonymous_3)
FN:119,(anonymous_4)
FN:152,(anonymous_5)
FNF:6
FNH:0
FNDA:0,(anonymous_0)
FNDA:0,(anonymous_1)
FNDA:0,(anonymous_2)
FNDA:0,(anonymous_3)
FNDA:0,(anonymous_4)
FNDA:0,(anonymous_5)
DA:2,3
DA:6,3
DA:8,0
DA:9,0
DA:26,0
DA:29,0
DA:30,0
DA:37,3
DA:38,0
DA:40,0
DA:42,0
DA:47,0
DA:51,0
DA:52,0
DA:60,3
DA:62,0
DA:63,0
DA:64,0
DA:67,0
DA:72,0
DA:74,0
DA:75,0
DA:77,0
DA:80,0
DA:81,0
DA:88,3
DA:96,0
DA:98,0
DA:100,0
DA:108,0
DA:111,0
DA:112,0
DA:119,3
DA:120,0
DA:128,0
DA:129,0
DA:130,0
DA:143,0
DA:144,0
DA:146,0
DA:152,3
DA:154,0
DA:156,0
DA:158,0
DA:159,0
DA:165,0
DA:174,3
LF:47
LH:8
BRDA:74,0,0,0
BRDA:74,0,1,0
BRDA:75,1,0,0
BRDA:75,1,1,0
BRF:4
BRH:0
end_of_record
TN:
SF:controllers\sessions.js
FN:6,(anonymous_0)
FN:18,(anonymous_1)
FN:37,(anonymous_2)
FN:58,(anonymous_3)
FN:83,(anonymous_4)
FNF:5
FNH:0
FNDA:0,(anonymous_0)
FNDA:0,(anonymous_1)
FNDA:0,(anonymous_2)
FNDA:0,(anonymous_3)
FNDA:0,(anonymous_4)
DA:2,3
DA:6,3
DA:7,0
DA:8,0
DA:9,0
DA:11,0
DA:12,0
DA:18,3
DA:20,0
DA:21,0
DA:22,0
DA:27,0
DA:29,0
DA:30,0
DA:37,3
DA:41,0
DA:43,0
DA:44,0
DA:48,0
DA:51,0
DA:52,0
DA:58,3
DA:59,0
DA:63,0
DA:64,0
DA:65,0
DA:74,0
DA:75,0
DA:77,0
DA:83,3
DA:85,0
DA:87,0
DA:88,0
DA:89,0
DA:94,0
DA:95,0
DA:106,3
LF:37
LH:7
BRF:0
BRH:0
end_of_record
TN:
SF:controllers\tags.js
FN:5,(anonymous_0)
FN:18,(anonymous_1)
FN:39,(anonymous_2)
FN:60,(anonymous_3)
FN:85,(anonymous_4)
FNF:5
FNH:0
FNDA:0,(anonymous_0)
FNDA:0,(anonymous_1)
FNDA:0,(anonymous_2)
FNDA:0,(anonymous_3)
FNDA:0,(anonymous_4)
DA:2,3
DA:5,3
DA:6,0
DA:7,0
DA:8,0
DA:10,0
DA:11,0
DA:18,3
DA:20,0
DA:22,0
DA:23,0
DA:28,0
DA:31,0
DA:32,0
DA:39,3
DA:43,0
DA:44,0
DA:45,0
DA:48,0
DA:51,0
DA:52,0
DA:60,3
DA:61,0
DA:65,0
DA:66,0
DA:67,0
DA:76,0
DA:77,0
DA:79,0
DA:85,3
DA:87,0
DA:89,0
DA:90,0
DA:96,0
DA:97,0
DA:106,3
LF:36
LH:7
BRF:0
BRH:0
end_of_record
TN:
SF:controllers\user_roles.js
FN:5,(anonymous_0)
FN:10,(anonymous_1)
FN:20,(anonymous_2)
FN:38,(anonymous_3)
FN:65,(anonymous_4)
FNF:5
FNH:0
FNDA:0,(anonymous_0)
FNDA:0,(anonymous_1)
FNDA:0,(anonymous_2)
FNDA:0,(anonymous_3)
FNDA:0,(anonymous_4)
DA:2,3
DA:5,3
DA:6,0
DA:7,0
DA:10,3
DA:11,0
DA:12,0
DA:17,0
DA:20,3
DA:25,0
DA:28,0
DA:35,0
DA:38,3
DA:39,0
DA:44,0
DA:45,0
DA:46,0
DA:56,0
DA:57,0
DA:59,0
DA:65,3
DA:66,0
DA:67,0
DA:68,0
DA:76,3
LF:25
LH:7
BRF:0
BRH:0
end_of_record
TN:
SF:controllers\users.js
FN:5,(anonymous_0)
FN:41,(anonymous_1)
FN:69,(anonymous_2)
FN:88,(anonymous_3)
FN:113,(anonymous_4)
FN:124,(anonymous_5)
FNF:6
FNH:2
FNDA:1,(anonymous_0)
FNDA:1,(anonymous_1)
FNDA:0,(anonymous_2)
FNDA:0,(anonymous_3)
FNDA:0,(anonymous_4)
FNDA:0,(anonymous_5)
DA:1,3
DA:2,3
DA:3,3
DA:5,3
DA:14,1
DA:16,1
DA:19,1
DA:21,1
DA:29,1
DA:30,1
DA:34,0
DA:35,0
DA:41,3
DA:43,1
DA:44,1
DA:45,1
DA:48,1
DA:53,1
DA:55,1
DA:56,1
DA:58,1
DA:61,0
DA:62,0
DA:69,3
DA:71,0
DA:72,0
DA:73,0
DA:78,0
DA:80,0
DA:81,0
DA:88,3
DA:89,0
DA:90,0
DA:91,0
DA:92,0
DA:97,0
DA:98,0
DA:103,0
DA:105,0
DA:108,0
DA:113,3
DA:114,0
DA:115,0
DA:117,0
DA:118,0
DA:124,3
DA:125,0
DA:134,0
DA:135,0
DA:136,0
DA:150,0
DA:151,0
DA:153,0
DA:161,3
LF:54
LH:24
BRDA:44,0,0,1
BRDA:44,0,1,1
BRDA:45,1,0,1
BRDA:45,1,1,1
BRDA:55,2,0,1
BRDA:55,2,1,0
BRDA:56,3,0,0
BRDA:56,3,1,1
BRDA:97,4,0,0
BRDA:97,4,1,0
BRDA:97,5,0,0
BRDA:97,5,1,0
BRF:12
BRH:6
end_of_record
TN:
SF:middlewares\auth.js
FN:4,(anonymous_0)
FN:25,(anonymous_1)
FN:26,(anonymous_2)
FN:28,(anonymous_3)
FNF:4
FNH:4
FNDA:5,(anonymous_0)
FNDA:15,(anonymous_1)
FNDA:4,(anonymous_2)
FNDA:4,(anonymous_3)
DA:1,3
DA:2,3
DA:4,3
DA:6,5
DA:7,5
DA:8,4
DA:9,4
DA:10,4
DA:11,4
DA:12,4
DA:13,4
DA:16,0
DA:17,0
DA:20,1
DA:25,3
DA:26,15
DA:27,4
DA:28,4
DA:29,4
DA:30,4
DA:31,3
DA:34,4
DA:35,1
DA:39,3
DA:44,3
LF:25
LH:23
BRDA:7,0,0,4
BRDA:7,0,1,1
BRDA:12,1,0,4
BRDA:12,1,1,0
BRDA:30,2,0,3
BRDA:30,2,1,1
BRDA:34,3,0,1
BRDA:34,3,1,3
BRF:8
BRH:7
end_of_record
TN:
SF:middlewares\nodemailer.js
FN:15,(anonymous_0)
FN:24,(anonymous_1)
FN:26,(anonymous_2)
FN:27,(anonymous_3)
FNF:4
FNH:0
FNDA:0,(anonymous_0)
FNDA:0,(anonymous_1)
FNDA:0,(anonymous_2)
FNDA:0,(anonymous_3)
DA:1,3
DA:2,3
DA:6,3
DA:15,3
DA:16,0
DA:24,3
DA:26,0
DA:27,0
DA:28,0
DA:29,0
DA:31,0
DA:38,3
LF:12
LH:6
BRDA:28,0,0,0
BRDA:28,0,1,0
BRF:2
BRH:0
end_of_record
TN:
SF:models\categories.js
FN:5,(anonymous_0)
FN:8,(anonymous_1)
FNF:2
FNH:2
FNDA:3,(anonymous_0)
FNDA:3,(anonymous_1)
DA:4,3
DA:5,3
DA:9,3
DA:14,3
DA:20,3
DA:29,3
LF:6
LH:6
BRF:0
BRH:0
end_of_record
TN:
SF:models\cc_transactions.js
FN:5,(anonymous_0)
FN:8,(anonymous_1)
FNF:2
FNH:2
FNDA:3,(anonymous_0)
FNDA:3,(anonymous_1)
DA:4,3
DA:5,3
DA:9,3
DA:15,3
DA:32,3
LF:5
LH:5
BRF:0
BRH:0
end_of_record
TN:
SF:models\coupons.js
FN:5,(anonymous_0)
FN:8,(anonymous_1)
FNF:2
FNH:2
FNDA:3,(anonymous_0)
FNDA:3,(anonymous_1)
DA:4,3
DA:5,3
DA:9,3
DA:15,3
DA:29,3
LF:5
LH:5
BRF:0
BRH:0
end_of_record
TN:
SF:models\index.js
FN:20,(anonymous_0)
FN:23,(anonymous_1)
FN:28,(anonymous_2)
FNF:3
FNH:3
FNDA:45,(anonymous_0)
FNDA:42,(anonymous_1)
FNDA:42,(anonymous_2)
DA:3,3
DA:4,3
DA:5,3
DA:6,3
DA:7,3
DA:8,3
DA:9,3
DA:12,3
DA:13,0
DA:15,3
DA:18,3
DA:21,45
DA:24,42
DA:25,42
DA:28,3
DA:29,42
DA:30,42
DA:34,3
DA:35,3
DA:37,3
LF:20
LH:19
BRDA:7,0,0,3
BRDA:7,0,1,0
BRDA:12,1,0,0
BRDA:12,1,1,3
BRDA:21,2,0,45
BRDA:21,2,1,45
BRDA:21,2,2,42
BRDA:29,3,0,42
BRDA:29,3,1,0
BRF:9
BRH:6
end_of_record
TN:
SF:models\order_products.js
FN:5,(anonymous_0)
FN:8,(anonymous_1)
FNF:2
FNH:2
FNDA:3,(anonymous_0)
FNDA:3,(anonymous_1)
DA:4,3
DA:5,3
DA:9,3
DA:15,3
DA:29,3
LF:5
LH:5
BRF:0
BRH:0
end_of_record
TN:
SF:models\product_categories.js
FN:5,(anonymous_0)
FN:8,(anonymous_1)
FNF:2
FNH:2
FNDA:3,(anonymous_0)
FNDA:3,(anonymous_1)
DA:4,3
DA:5,3
DA:12,3
DA:21,3
LF:4
LH:4
BRF:0
BRH:0
end_of_record
TN:
SF:models\product_statuses.js
FN:5,(anonymous_0)
FN:8,(anonymous_1)
FNF:2
FNH:2
FNDA:3,(anonymous_0)
FNDA:3,(anonymous_1)
DA:4,3
DA:5,3
DA:10,3
DA:16,3
DA:24,3
LF:5
LH:5
BRF:0
BRH:0
end_of_record
TN:
SF:models\product_tags.js
FN:5,(anonymous_0)
FN:7,(anonymous_1)
FNF:2
FNH:2
FNDA:3,(anonymous_0)
FNDA:3,(anonymous_1)
DA:4,3
DA:5,3
DA:11,3
DA:20,3
LF:4
LH:4
BRF:0
BRH:0
end_of_record
TN:
SF:models\products.js
FN:5,(anonymous_0)
FN:7,(anonymous_1)
FNF:2
FNH:2
FNDA:3,(anonymous_0)
FNDA:3,(anonymous_1)
DA:4,3
DA:5,3
DA:8,3
DA:12,3
DA:17,3
DA:25,3
DA:40,3
LF:7
LH:7
BRF:0
BRH:0
end_of_record
TN:
SF:models\roles.js
FN:5,(anonymous_0)
FN:8,(anonymous_1)
FNF:2
FNH:2
FNDA:3,(anonymous_0)
FNDA:3,(anonymous_1)
DA:4,3
DA:5,3
DA:10,3
DA:17,3
DA:26,3
LF:5
LH:5
BRF:0
BRH:0
end_of_record
TN:
SF:models\sales_orders.js
FN:5,(anonymous_0)
FN:7,(anonymous_1)
FNF:2
FNH:2
FNDA:3,(anonymous_0)
FNDA:3,(anonymous_1)
DA:4,3
DA:5,3
DA:8,3
DA:13,3
DA:18,3
DA:23,3
DA:28,3
DA:34,3
DA:46,3
LF:9
LH:9
BRF:0
BRH:0
end_of_record
TN:
SF:models\sessions.js
FN:5,(anonymous_0)
FN:8,(anonymous_1)
FNF:2
FNH:2
FNDA:3,(anonymous_0)
FNDA:3,(anonymous_1)
DA:4,3
DA:5,3
DA:9,3
DA:15,3
DA:23,3
LF:5
LH:5
BRF:0
BRH:0
end_of_record
TN:
SF:models\tags.js
FN:5,(anonymous_0)
FN:8,(anonymous_1)
FNF:2
FNH:2
FNDA:3,(anonymous_0)
FNDA:3,(anonymous_1)
DA:4,3
DA:5,3
DA:10,3
DA:18,3
DA:26,3
LF:5
LH:5
BRF:0
BRH:0
end_of_record
TN:
SF:models\user_roles.js
FN:5,(anonymous_0)
FN:8,(anonymous_1)
FNF:2
FNH:2
FNDA:3,(anonymous_0)
FNDA:3,(anonymous_1)
DA:4,3
DA:5,3
DA:13,3
DA:22,3
LF:4
LH:4
BRF:0
BRH:0
end_of_record
TN:
SF:models\users.js
FN:5,(anonymous_0)
FN:7,(anonymous_1)
FNF:2
FNH:2
FNDA:3,(anonymous_0)
FNDA:3,(anonymous_1)
DA:4,3
DA:5,3
DA:9,3
DA:14,3
DA:20,3
DA:33,3
LF:6
LH:6
BRF:0
BRH:0
end_of_record
TN:
SF:routes\auth.js
FNF:0
FNH:0
DA:1,3
DA:2,3
DA:4,3
DA:6,3
DA:7,3
DA:8,3
DA:9,3
DA:13,3
LF:8
LH:8
BRF:0
BRH:0
end_of_record
TN:
SF:routes\categories.js
FNF:0
FNH:0
DA:1,3
DA:7,3
DA:8,3
DA:9,3
DA:13,3
DA:15,3
DA:16,3
DA:19,3
DA:21,3
DA:23,3
LF:10
LH:10
BRF:0
BRH:0
end_of_record
TN:
SF:routes\cc_transactions.js
FNF:0
FNH:0
DA:1,3
DA:8,3
DA:9,3
DA:10,3
DA:14,3
DA:16,3
DA:17,3
DA:20,3
DA:22,3
DA:24,3
LF:10
LH:10
BRF:0
BRH:0
end_of_record
TN:
SF:routes\coupons.js
FNF:0
FNH:0
DA:1,3
DA:8,3
DA:9,3
DA:10,3
DA:14,3
DA:16,3
DA:17,3
DA:20,3
DA:22,3
DA:24,3
LF:10
LH:10
BRF:0
BRH:0
end_of_record
TN:
SF:routes\order_products.js
FNF:0
FNH:0
DA:1,3
DA:9,3
DA:10,3
DA:11,3
DA:15,3
DA:17,3
DA:18,3
DA:19,3
DA:22,3
DA:24,3
DA:26,3
LF:11
LH:11
BRF:0
BRH:0
end_of_record
TN:
SF:routes\product_categories.js
FNF:0
FNH:0
DA:1,3
DA:8,3
DA:9,3
DA:10,3
DA:14,3
DA:16,3
DA:17,3
DA:20,3
DA:22,3
DA:24,3
LF:10
LH:10
BRF:0
BRH:0
end_of_record
TN:
SF:routes\product_statuses.js
FNF:0
FNH:0
DA:1,3
DA:8,3
DA:9,3
DA:10,3
DA:14,3
DA:16,3
DA:17,3
DA:20,3
DA:22,3
DA:24,3
LF:10
LH:10
BRF:0
BRH:0
end_of_record
TN:
SF:routes\product_tags.js
FNF:0
FNH:0
DA:1,3
DA:8,3
DA:9,3
DA:10,3
DA:14,3
DA:16,3
DA:17,3
DA:20,3
DA:22,3
DA:24,3
LF:10
LH:10
BRF:0
BRH:0
end_of_record
TN:
SF:routes\products.js
FNF:0
FNH:0
DA:1,3
DA:9,3
DA:10,3
DA:11,3
DA:15,3
DA:17,3
DA:18,3
DA:19,3
DA:22,3
DA:24,3
DA:26,3
LF:11
LH:11
BRF:0
BRH:0
end_of_record
TN:
SF:routes\roles.js
FNF:0
FNH:0
DA:1,3
DA:8,3
DA:9,3
DA:10,3
DA:14,3
DA:16,3
DA:17,3
DA:20,3
DA:22,3
DA:24,3
LF:10
LH:10
BRF:0
BRH:0
end_of_record
TN:
SF:routes\sales_orders.js
FNF:0
FNH:0
DA:1,3
DA:9,3
DA:10,3
DA:11,3
DA:15,3
DA:17,3
DA:18,3
DA:19,3
DA:22,3
DA:24,3
DA:26,3
LF:11
LH:11
BRF:0
BRH:0
end_of_record
TN:
SF:routes\sessions.js
FNF:0
FNH:0
DA:1,3
DA:8,3
DA:9,3
DA:10,3
DA:14,3
DA:16,3
DA:17,3
DA:20,3
DA:22,3
DA:24,3
LF:10
LH:10
BRF:0
BRH:0
end_of_record
TN:
SF:routes\tags.js
FNF:0
FNH:0
DA:1,3
DA:8,3
DA:9,3
DA:10,3
DA:14,3
DA:16,3
DA:17,3
DA:20,3
DA:22,3
DA:24,3
LF:10
LH:10
BRF:0
BRH:0
end_of_record
TN:
SF:routes\user_roles.js
FNF:0
FNH:0
DA:1,3
DA:8,3
DA:9,3
DA:10,3
DA:14,3
DA:16,3
DA:17,3
DA:20,3
DA:22,3
DA:24,3
LF:10
LH:10
BRF:0
BRH:0
end_of_record
TN:
SF:routes\users.js
FNF:0
FNH:0
DA:1,3
DA:7,3
DA:8,3
DA:9,3
DA:13,3
DA:15,3
DA:16,3
DA:17,3
DA:19,3
DA:21,3
DA:23,3
LF:11
LH:11
BRF:0
BRH:0
end_of_record
TN:
SF:utils\auth.js
FN:16,(anonymous_0)
FNF:1
FNH:1
FNDA:4,(anonymous_0)
DA:1,2
DA:3,2
DA:16,2
DA:17,4
DA:24,4
DA:27,2
LF:6
LH:6
BRF:0
BRH:0
end_of_record
TN:
SF:utils\roles.js
FN:26,(anonymous_0)
FNF:1
FNH:1
FNDA:4,(anonymous_0)
DA:1,3
DA:3,3
DA:26,3
DA:27,4
DA:37,4
DA:66,4
DA:80,4
DA:83,3
LF:8
LH:8
BRF:0
BRH:0
end_of_record
